2019-02-26 12:51:53.810817	/home/user/PycharmProjects/OFET_K2636B/data/TR_TEST_time_104.txt
2019-02-26 13:42:51.428588	/home/user/PycharmProjects/OFET_K2636B/data/TR_TEST_time_105.txt
2019-02-26 13:52:01.860803	/home/user/PycharmProjects/OFET_K2636B/data/TR_TEST_time_106.txt
2019-02-26 13:52:25.182476	/home/user/PycharmProjects/OFET_K2636B/data/TR_TEST_time_107.txt
2019-02-26 13:55:07.734286	/home/user/PycharmProjects/OFET_K2636B/data/TR_TEST_time_108.txt
2019-02-26 14:14:00.999187	/home/user/PycharmProjects/OFET_K2636B/data/TR_TEST_time_108.txt
2019-02-26 14:14:28.708248	/home/user/PycharmProjects/OFET_K2636B/data/TR_TEST_time_109.txt
2019-02-26 14:16:14.378430	/home/user/PycharmProjects/OFET_K2636B/data/TR_TEST_transfer_061.txt
2019-02-26 14:17:12.899131	/home/user/PycharmProjects/OFET_K2636B/data/TR_TEST_transfer_062.txt
2019-02-26 14:18:13.574283	/home/user/PycharmProjects/OFET_K2636B/data/TR_TEST_transfer_063.txt
2019-02-26 14:19:03.047276	/home/user/PycharmProjects/OFET_K2636B/data/TR_TEST_time_110.txt
2019-02-26 14:26:17.591721	/home/user/PycharmProjects/OFET_K2636B/data/TR_TEST_time_111.txt
2019-02-26 14:27:10.540947	/home/user/PycharmProjects/OFET_K2636B/data/TR_TEST_time_112.txt
2019-02-26 14:28:00.226908	/home/user/PycharmProjects/OFET_K2636B/data/TR_TEST_time_113.txt
2019-02-26 14:31:32.910637	/home/user/PycharmProjects/OFET_K2636B/data/TR_TEST_time_114.txt
2019-02-26 14:35:16.709655	/home/user/PycharmProjects/OFET_K2636B/data/TR_TEST_time_115.txt
2019-02-26 14:39:02.159829	/home/user/PycharmProjects/OFET_K2636B/data/TR_TEST_time_116.txt
2019-02-26 14:39:25.033764	/home/user/PycharmProjects/OFET_K2636B/data/TR_TEST_time_117.txt
2019-02-26 14:39:40.793038	/home/user/PycharmProjects/OFET_K2636B/data/TR_TEST_time_118.txt
2019-02-26 14:43:08.959054	/home/user/PycharmProjects/OFET_K2636B/data/TR_TEST_time_119.txt
2019-02-26 14:45:17.898643	/home/user/PycharmProjects/OFET_K2636B/data/TR_TEST_time_120.txt
2019-02-26 14:49:12.283390	/home/user/PycharmProjects/OFET_K2636B/data/TR_TEST_transfer_064.txt
2019-02-26 14:50:00.471838	/home/user/PycharmProjects/OFET_K2636B/data/TR_TEST_transfer_065.txt
2019-02-26 14:51:11.728423	/home/user/PycharmProjects/OFET_K2636B/data/TR_TEST_output_005.txt
2019-02-26 14:51:28.723892	/home/user/PycharmProjects/OFET_K2636B/data/TR_TEST_output_006.txt
2019-02-26 14:52:43.312539	/home/user/PycharmProjects/OFET_K2636B/data/TR_TEST_time_121.txt
2019-02-26 14:53:20.065335	/home/user/PycharmProjects/OFET_K2636B/data/TR_TEST_output_007.txt
2019-02-26 14:54:24.125949	/home/user/PycharmProjects/OFET_K2636B/data/TR_TEST_output_008.txt
2019-02-26 14:55:15.635214	/home/user/PycharmProjects/OFET_K2636B/data/TR_TEST_transfer_066.txt
2019-02-26 14:56:05.810895	/home/user/PycharmProjects/OFET_K2636B/data/TR_TEST_time_122.txt
2019-02-26 15:00:19.697447	/home/user/PycharmProjects/OFET_K2636B/data/TR_TEST_time_123.txt
2019-02-26 15:35:52.694892	/home/user/PycharmProjects/OFET_K2636B/data/TR_TEST_time_124.txt
2019-02-26 15:36:32.393882	/home/user/PycharmProjects/OFET_K2636B/data/TR_TEST_time_125.txt
2019-02-26 15:37:14.523845	/home/user/PycharmProjects/OFET_K2636B/data/TR_TEST_time_126.txt
2019-02-26 15:40:21.659416	/home/user/PycharmProjects/OFET_K2636B/data/TR_TEST_time_127.txt
2019-02-27 08:38:57.484957	/home/user/PycharmProjects/OFET_K2636B/data/TR_TEST_transfer_067.txt
2019-02-27 08:39:31.973752	/home/user/PycharmProjects/OFET_K2636B/data/TR_TEST_transfer_068.txt
2019-02-27 08:40:05.513690	/home/user/PycharmProjects/OFET_K2636B/data/TR_TEST_transfer_069.txt
2019-02-27 08:40:45.055533	/home/user/PycharmProjects/OFET_K2636B/data/TR_TEST_time_128.txt
2019-02-27 10:50:50.726476	/home/user/PycharmProjects/OFET_K2636B/data/TR_TEST_time_129.txt
2019-02-27 10:51:12.450781	/home/user/PycharmProjects/OFET_K2636B/data/TR_TEST_time_130.txt
2019-02-27 11:31:36.212673	/home/user/PycharmProjects/OFET_K2636B/data/TR_TEST_time_131.txt
2019-02-27 11:32:18.569418	/home/user/PycharmProjects/OFET_K2636B/data/TR_TEST_time_132.txt
2019-02-27 14:14:48.708678	/home/user/PycharmProjects/OFET_K2636B/data/TR_TEST_time_133.txt
2019-02-27 14:16:22.205565	/home/user/PycharmProjects/OFET_K2636B/data/TR_TEST_time_134.txt
2019-02-27 14:19:51.633397	/home/user/PycharmProjects/OFET_K2636B/data/TR_TEST_time_135.txt
2019-02-27 14:25:04.246586	/home/user/PycharmProjects/OFET_K2636B/data/TR_TEST_time_136.txt
2019-02-27 14:28:17.848755	/home/user/PycharmProjects/OFET_K2636B/data/TR_TEST_time_137.txt
2019-02-28 08:41:14.107548	/home/user/PycharmProjects/OFET_K2636B/data/TR_TEST_time_138.txt
2019-02-28 14:23:26.951251	/home/user/PycharmProjects/OFET_K2636B/data/TR_TEST_time_138.txt
2019-02-28 14:24:50.647233	/home/user/PycharmProjects/OFET_K2636B/data/TR_TEST_time_139.txt
2019-02-28 14:25:15.111783	/home/user/PycharmProjects/OFET_K2636B/data/TR_TEST_time_139.txt
2019-02-28 14:27:08.717522	/home/user/PycharmProjects/OFET_K2636B/data/TR_TEST_time_140.txt
2019-02-28 14:28:37.999400	/home/user/PycharmProjects/OFET_K2636B/data/TR_TEST_time_141.txt
2019-02-28 14:29:00.820206	/home/user/PycharmProjects/OFET_K2636B/data/TR_TEST_time_142.txt
2019-02-28 14:29:36.359157	/home/user/PycharmProjects/OFET_K2636B/data/TR_TEST_time_143.txt
2019-02-28 14:30:03.024785	/home/user/PycharmProjects/OFET_K2636B/data/TR_TEST_time_144.txt
2019-02-28 14:31:40.659073	/home/user/PycharmProjects/OFET_K2636B/data/TR_TEST_time_145.txt
2019-02-28 14:35:55.866074	/home/user/PycharmProjects/OFET_K2636B/data/TR_TEST_time_146.txt
2019-02-28 14:36:14.715102	/home/user/PycharmProjects/OFET_K2636B/data/TR_TEST_time_147.txt
2019-02-28 14:36:22.686794	/home/user/PycharmProjects/OFET_K2636B/data/TR_TEST_time_148.txt
2019-02-28 14:37:20.884378	/home/user/PycharmProjects/OFET_K2636B/data/TR_TEST_time_149.txt
2019-02-28 14:38:38.951979	/home/user/PycharmProjects/OFET_K2636B/data/TR_TEST_time_150.txt
2019-02-28 14:38:57.586222	/home/user/PycharmProjects/OFET_K2636B/data/TR_TEST_time_151.txt
2019-02-28 14:40:14.542308	/home/user/PycharmProjects/OFET_K2636B/data/TR_TEST_time_152.txt
2019-02-28 14:40:47.235931	/home/user/PycharmProjects/OFET_K2636B/data/TR_TEST_time_153.txt
2019-02-28 14:42:10.965670	/home/user/PycharmProjects/OFET_K2636B/data/TR_TEST_time_154.txt
2019-02-28 14:42:20.903471	/home/user/PycharmProjects/OFET_K2636B/data/TR_TEST_time_155.txt
2019-02-28 14:47:14.095064	/home/user/PycharmProjects/OFET_K2636B/data/TR_TEST_time_156.txt
2019-02-28 14:48:25.307139	/home/user/PycharmProjects/OFET_K2636B/data/TR_TEST_time_157.txt
2019-02-28 14:48:38.630323	/home/user/PycharmProjects/OFET_K2636B/data/TR_TEST_time_158.txt
2019-02-28 14:50:17.812385	/home/user/PycharmProjects/OFET_K2636B/data/TR_TEST_time_159.txt
2019-02-28 14:50:30.366581	/home/user/PycharmProjects/OFET_K2636B/data/TR_TEST_time_160.txt
2019-02-28 14:51:05.867416	/home/user/PycharmProjects/OFET_K2636B/data/TR_TEST_time_161.txt
2019-02-28 14:53:42.806240	/home/user/PycharmProjects/OFET_K2636B/data/TR_TEST_time_162.txt
2019-02-28 14:53:54.473271	/home/user/PycharmProjects/OFET_K2636B/data/TR_TEST_time_163.txt
2019-02-28 14:54:11.173579	/home/user/PycharmProjects/OFET_K2636B/data/TR_TEST_time_164.txt
2019-02-28 14:54:51.038760	/home/user/PycharmProjects/OFET_K2636B/data/TR_TEST_time_165.txt
2019-02-28 14:55:15.256063	/home/user/PycharmProjects/OFET_K2636B/data/TR_TEST_time_166.txt
2019-02-28 14:55:28.673397	/home/user/PycharmProjects/OFET_K2636B/data/TR_TEST_time_167.txt
2019-02-28 14:55:45.418173	/home/user/PycharmProjects/OFET_K2636B/data/TR_TEST_time_168.txt
2019-02-28 14:56:02.302721	/home/user/PycharmProjects/OFET_K2636B/data/TR_TEST_time_169.txt
2019-02-28 14:56:22.835997	/home/user/PycharmProjects/OFET_K2636B/data/TR_TEST_time_170.txt
2019-02-28 14:57:24.552881	/home/user/PycharmProjects/OFET_K2636B/data/TR_TEST_time_171.txt
2019-02-28 14:57:35.101986	/home/user/PycharmProjects/OFET_K2636B/data/TR_TEST_time_171.txt
2019-02-28 14:58:06.279004	/home/user/PycharmProjects/OFET_K2636B/data/TR_TEST_time_172.txt
2019-02-28 14:58:15.256115	/home/user/PycharmProjects/OFET_K2636B/data/TR_TEST_time_173.txt
2019-02-28 14:58:21.191143	/home/user/PycharmProjects/OFET_K2636B/data/TR_TEST_time_174.txt
2019-02-28 14:58:31.893734	/home/user/PycharmProjects/OFET_K2636B/data/TR_TEST_time_175.txt
2019-02-28 14:58:43.941331	/home/user/PycharmProjects/OFET_K2636B/data/TR_TEST_transfer_070.txt
2019-02-28 15:08:50.043924	/home/user/PycharmProjects/OFET_K2636B/data/TR_TEST_transfer_071.txt
2019-02-28 15:10:07.094865	/home/user/PycharmProjects/OFET_K2636B/data/TR_TEST_transfer_072.txt
2019-02-28 15:11:28.227492	/home/user/PycharmProjects/OFET_K2636B/data/TR_TEST_transfer_073.txt
2019-02-28 15:12:37.419218	/home/user/PycharmProjects/OFET_K2636B/data/TR_TEST_transfer_074.txt
2019-02-28 15:13:57.492907	/home/user/PycharmProjects/OFET_K2636B/data/TR_TEST_transfer_075.txt
2019-02-28 15:20:41.705579	/home/user/PycharmProjects/OFET_K2636B/data/TR_TEST_transfer_076.txt
2019-02-28 15:22:36.033612	/home/user/PycharmProjects/OFET_K2636B/data/TR_TEST_transfer_077.txt
2019-02-28 15:23:26.604371	/home/user/PycharmProjects/OFET_K2636B/data/TR_TEST_time_175.txt
2019-02-28 15:24:16.172563	/home/user/PycharmProjects/OFET_K2636B/data/TR_TEST_time_176.txt
2019-02-28 15:25:40.589216	/home/user/PycharmProjects/OFET_K2636B/data/TR_TEST_time_177.txt
2019-02-28 15:27:10.051616	/home/user/PycharmProjects/OFET_K2636B/data/TR_TEST_time_178.txt
2019-02-28 15:28:06.447880	/home/user/PycharmProjects/OFET_K2636B/data/TR_TEST_time_179.txt
2019-02-28 15:31:20.596583	/home/user/PycharmProjects/OFET_K2636B/data/TR_TEST_time_180.txt
2019-02-28 15:31:31.074126	/home/user/PycharmProjects/OFET_K2636B/data/TR_TEST_time_181.txt
2019-02-28 15:32:25.311969	/home/user/PycharmProjects/OFET_K2636B/data/TR_TEST_time_182.txt
2019-02-28 15:33:01.820100	/home/user/PycharmProjects/OFET_K2636B/data/TR_TEST_time_182.txt
2019-02-28 15:34:26.229065	/home/user/PycharmProjects/OFET_K2636B/data/TR_TEST_time_183.txt
2019-02-28 15:35:07.441322	/home/user/PycharmProjects/OFET_K2636B/data/TR_TEST_time_184.txt
2019-02-28 15:36:28.840364	/home/user/PycharmProjects/OFET_K2636B/data/TR_TEST_time_185.txt
2019-02-28 15:37:15.404182	/home/user/PycharmProjects/OFET_K2636B/data/TR_TEST_time_186.txt
2019-02-28 15:38:45.929903	/home/user/PycharmProjects/OFET_K2636B/data/TR_TEST_time_187.txt
2019-02-28 15:39:14.660546	/home/user/PycharmProjects/OFET_K2636B/data/TR_TEST_time_188.txt
2019-02-28 15:39:43.537804	/home/user/PycharmProjects/OFET_K2636B/data/TR_TEST_time_189.txt
2019-02-28 15:40:28.699155	/home/user/PycharmProjects/OFET_K2636B/data/TR_TEST_time_190.txt
2019-02-28 15:40:43.812589	/home/user/PycharmProjects/OFET_K2636B/data/TR_TEST_time_191.txt
2019-02-28 15:41:13.347136	/home/user/PycharmProjects/OFET_K2636B/data/TR_TEST_time_192.txt
2019-02-28 15:41:59.537094	/home/user/PycharmProjects/OFET_K2636B/data/TR_TEST_time_193.txt
2019-02-28 15:43:26.541601	/home/user/PycharmProjects/OFET_K2636B/data/TR_TEST_time_194.txt
2019-02-28 15:43:42.303355	/home/user/PycharmProjects/OFET_K2636B/data/TR_TEST_time_195.txt
2019-02-28 15:44:01.090872	/home/user/PycharmProjects/OFET_K2636B/data/TR_TEST_time_196.txt
2019-02-28 15:44:31.356057	/home/user/PycharmProjects/OFET_K2636B/data/TR_TEST_time_197.txt
2019-02-28 15:44:52.308820	/home/user/PycharmProjects/OFET_K2636B/data/TR_TEST_time_198.txt
2019-02-28 15:46:01.670726	/home/user/PycharmProjects/OFET_K2636B/data/TR_TEST_time_199.txt
2019-02-28 15:46:57.317565	/home/user/PycharmProjects/OFET_K2636B/data/TR_TEST_time_200.txt
2019-02-28 15:47:41.957092	/home/user/PycharmProjects/OFET_K2636B/data/TR_TEST_time_201.txt
2019-02-28 15:49:31.860321	/home/user/PycharmProjects/OFET_K2636B/data/TR_TEST_time_202.txt
2019-02-28 15:49:54.784411	/home/user/PycharmProjects/OFET_K2636B/data/TR_TEST_time_203.txt
2019-02-28 15:50:44.040765	/home/user/PycharmProjects/OFET_K2636B/data/TR_TEST_time_204.txt
2019-02-28 15:51:23.096161	/home/user/PycharmProjects/OFET_K2636B/data/TR_TEST_time_205.txt
2019-02-28 15:51:59.192803	/home/user/PycharmProjects/OFET_K2636B/data/TR_TEST_time_206.txt
2019-02-28 15:52:42.269149	/home/user/PycharmProjects/OFET_K2636B/data/TR_TEST_time_207.txt
2019-02-28 15:53:26.718039	/home/user/PycharmProjects/OFET_K2636B/data/TR_TEST_time_208.txt
2019-02-28 15:54:21.558932	/home/user/PycharmProjects/OFET_K2636B/data/TR_TEST_time_209.txt
2019-02-28 15:54:54.677303	/home/user/PycharmProjects/OFET_K2636B/data/TR_TEST_time_210.txt
2019-02-28 16:11:31.573030	/home/user/PycharmProjects/OFET_K2636B/data/TR_TEST_time_211.txt
2019-02-28 16:12:09.142709	/home/user/PycharmProjects/OFET_K2636B/data/TR_TEST_time_212.txt
2019-03-01 08:09:06.465821	/home/user/PycharmProjects/OFET_K2636B/data/TR_TEST_time_212.txt
2019-03-01 12:11:33.018459	/home/user/PycharmProjects/OFET_K2636B/data/TR_TEST_time_213.txt
2019-03-01 12:12:15.510319	/home/user/PycharmProjects/OFET_K2636B/data/TR_TEST_time_214.txt
2019-03-01 12:15:05.035778	/home/user/PycharmProjects/OFET_K2636B/data/TR_TEST_time_214.txt
2019-03-01 15:06:51.296644	/home/user/PycharmProjects/OFET_K2636B/data/TR_TEST_time_215.txt
2019-03-01 15:06:57.772515	/home/user/PycharmProjects/OFET_K2636B/data/TR_TEST_time_216.txt
2019-03-01 15:09:22.252379	/home/user/PycharmProjects/OFET_K2636B/data/TR_TEST_time_217.txt
2019-03-28 15:53:17.808799	/home/user/PycharmProjects/OFET_K2636B/data/TR_TEST_time_218.txt
2019-03-28 15:53:31.669058	/home/user/PycharmProjects/OFET_K2636B/data/TR_TEST_time_219.txt
2019-03-28 15:56:06.713456	/home/user/PycharmProjects/OFET_K2636B/data/TR_TEST_transfer_078.txt
2019-03-28 15:56:52.188466	/home/user/PycharmProjects/OFET_K2636B/data/TR_TEST_transfer_079.txt
2019-03-28 15:57:51.740622	/home/user/PycharmProjects/OFET_K2636B/data/TR_TEST_transfer_080.txt
2019-03-28 15:59:12.158768	/home/user/PycharmProjects/OFET_K2636B/data/TR_TEST_transfer_081.txt
2019-03-28 16:01:50.573398	/home/user/PycharmProjects/OFET_K2636B/data/TR_TEST_time_220.txt
2019-03-28 16:02:54.833691	/home/user/PycharmProjects/OFET_K2636B/data/TR_TEST_transfer_082.txt
2019-03-28 16:03:40.919801	/home/user/PycharmProjects/OFET_K2636B/data/TR_TEST_transfer_083.txt
2019-03-28 16:04:26.255279	/home/user/PycharmProjects/OFET_K2636B/data/TR_TEST_time_221.txt
2019-03-28 16:10:28.924576	/home/user/PycharmProjects/OFET_K2636B/data/TR_TEST_output_009.txt
2019-03-28 16:10:38.998343	/home/user/PycharmProjects/OFET_K2636B/data/TR_TEST_transfer_084.txt
2019-03-28 16:11:24.563204	/home/user/PycharmProjects/OFET_K2636B/data/TR_TEST_transfer_085.txt
2019-03-28 16:13:37.458956	/home/user/PycharmProjects/OFET_K2636B/data/TR_TEST_transfer_086.txt
2019-03-28 16:14:44.942295	/home/user/PycharmProjects/OFET_K2636B/data/TR_TEST_transfer_087.txt
2019-03-28 16:17:40.207397	/home/user/PycharmProjects/OFET_K2636B/data/TR_TEST_transfer_088.txt
2019-03-28 16:18:31.591185	/home/user/PycharmProjects/OFET_K2636B/data/TR_TEST_transfer_089.txt
2019-03-28 16:19:37.310975	/home/user/PycharmProjects/OFET_K2636B/data/TR_TEST_transfer_090.txt
2019-03-28 16:20:23.357503	/home/user/PycharmProjects/OFET_K2636B/data/TR_TEST_time_222.txt
2019-03-28 16:21:31.338678	/home/user/PycharmProjects/OFET_K2636B/data/TR_TEST_time_223.txt
2019-03-28 16:22:34.829578	/home/user/PycharmProjects/OFET_K2636B/data/TR_TEST_time_224.txt
2019-03-28 16:23:41.835161	/home/user/PycharmProjects/OFET_K2636B/data/TR_TEST_time_225.txt
2019-03-28 16:29:29.510241	/home/user/PycharmProjects/OFET_K2636B/data/TR_TEST_transfer_091.txt
2019-03-28 16:30:11.616071	/home/user/PycharmProjects/OFET_K2636B/data/TR_TEST_time_226.txt
2019-03-28 16:33:49.423962	/home/user/PycharmProjects/OFET_K2636B/data/TR_TEST_time_227.txt
2019-03-28 16:39:06.897578	/home/user/PycharmProjects/OFET_K2636B/data/TR_TEST_transfer_092.txt
2019-03-28 16:39:57.967127	/home/user/PycharmProjects/OFET_K2636B/data/TR_TEST_time_228.txt
2019-03-28 16:43:06.044738	/home/user/PycharmProjects/OFET_K2636B/data/TR_TEST_time_229.txt
2019-03-28 16:47:11.323371	/home/user/PycharmProjects/OFET_K2636B/data/TR_TEST_time_230.txt
2019-03-28 16:50:15.316282	/home/user/PycharmProjects/OFET_K2636B/data/TR_TEST_time_231.txt
2019-03-28 16:52:08.257096	/home/user/PycharmProjects/OFET_K2636B/data/TR_TEST_time_231.txt
2019-03-28 16:55:40.852873	/home/user/PycharmProjects/OFET_K2636B/data/TR_TEST_time_231.txt
2019-03-28 16:58:43.801063	/home/user/PycharmProjects/OFET_K2636B/data/TR_TEST_time_231.txt
2019-03-28 16:59:34.826667	/home/user/PycharmProjects/OFET_K2636B/data/TR_TEST_time_232.txt
2019-03-28 17:06:26.978745	/home/user/PycharmProjects/OFET_K2636B/data/penta_c15_time_000.txt
2019-03-29 08:28:54.653715	/home/user/PycharmProjects/OFET_K2636B/data/penta_c15_time_000.txt
2019-03-29 08:29:16.999791	/home/user/PycharmProjects/OFET_K2636B/data/TR_TEST_transfer_093.txt
2019-03-29 08:30:25.546048	/home/user/PycharmProjects/OFET_K2636B/data/penta_c15_time_001.txt
2019-03-29 08:42:53.996459	/home/user/PycharmProjects/OFET_K2636B/data/penta_c15_time_002.txt
2019-03-29 11:35:24.872297	/home/user/PycharmProjects/OFET_K2636B/data/TR_TEST_transfer_094.txt
2019-03-29 11:36:43.533904	/home/user/PycharmProjects/OFET_K2636B/data/penta_c15_time_003.txt
2019-03-29 11:37:48.545246	/home/user/PycharmProjects/OFET_K2636B/data/penta_c15_time_004.txt
2019-03-29 11:38:54.404389	/home/user/PycharmProjects/OFET_K2636B/data/penta_c15_time_005.txt
2019-03-29 11:47:13.722638	/home/user/PycharmProjects/OFET_K2636B/data/TR_TEST_transfer_095.txt
2019-03-29 11:47:50.529112	/home/user/PycharmProjects/OFET_K2636B/data/TR_TEST_transfer_096.txt
2019-03-29 11:48:12.312252	/home/user/PycharmProjects/OFET_K2636B/data/TR_TEST_transfer_097.txt
2019-03-29 11:48:43.670763	/home/user/PycharmProjects/OFET_K2636B/data/TR_TEST_transfer_098.txt
2019-03-29 11:49:30.339948	/home/user/PycharmProjects/OFET_K2636B/data/penta_c15_time_005.txt
2019-03-29 13:17:46.412820	/home/user/PycharmProjects/OFET_K2636B/data/TR_TEST_transfer_099.txt
2019-03-29 13:18:28.468627	/home/user/PycharmProjects/OFET_K2636B/data/TR_TEST_transfer_100.txt
2019-03-29 13:23:37.898985	/home/user/PycharmProjects/OFET_K2636B/data/TR_TEST_transfer_101.txt
2019-03-29 13:26:54.276235	/home/user/PycharmProjects/OFET_K2636B/data/penta_c15_time_006.txt
2019-03-29 13:45:56.883863	/home/user/PycharmProjects/OFET_K2636B/data/penta_c15_time_007.txt
2019-03-29 13:46:09.021613	/home/user/PycharmProjects/OFET_K2636B/data/penta_c15_time_007.txt
2019-03-29 14:10:17.193007	/home/user/PycharmProjects/OFET_K2636B/data/penta_c15_time_008.txt
2019-03-29 14:12:42.887230	/home/user/PycharmProjects/OFET_K2636B/data/penta_c15_time_008.txt
2019-03-29 14:14:54.569215	/home/user/PycharmProjects/OFET_K2636B/data/penta_c15_time_009.txt
2019-03-29 14:17:15.423582	/home/user/PycharmProjects/OFET_K2636B/data/penta_c15_time_010.txt
2019-03-29 14:20:46.824900	/home/user/PycharmProjects/OFET_K2636B/data/penta_c15_time_011.txt
2019-03-29 14:29:28.600686	/home/user/PycharmProjects/OFET_K2636B/data/penta_c15_time_012.txt
2019-03-29 14:34:00.474965	/home/user/PycharmProjects/OFET_K2636B/data/penta_c15_time_013.txt
2019-03-29 14:35:11.633105	/home/user/PycharmProjects/OFET_K2636B/data/penta_c15_time_014.txt
2019-03-29 14:37:28.293886	/home/user/PycharmProjects/OFET_K2636B/data/penta_c15_time_015.txt
2019-03-29 14:42:58.321640	/home/user/PycharmProjects/OFET_K2636B/data/penta_c15_time_016.txt
2019-03-29 14:58:25.083078	/home/user/PycharmProjects/OFET_K2636B/data/TR_TEST_transfer_102.txt
2019-03-29 14:59:28.805259	/home/user/PycharmProjects/OFET_K2636B/data/TR_TEST_transfer_103.txt
2019-03-29 14:59:55.801975	/home/user/PycharmProjects/OFET_K2636B/data/TR_TEST_transfer_104.txt
2019-03-29 15:01:59.752307	/home/user/PycharmProjects/OFET_K2636B/data/penta_c15_time_017.txt
2019-04-01 11:52:12.042005	/home/user/PycharmProjects/OFET_K2636B/data/TR_TEST_transfer_105.txt
2019-04-01 11:52:37.000900	/home/user/PycharmProjects/OFET_K2636B/data/penta_c15_time_018.txt
2019-04-01 13:17:58.464703	/home/user/PycharmProjects/OFET_K2636B/data/penta_c15_time_019.txt
2019-07-05 15:37:08.157629	/home/user/PycharmProjects/OFET_K2636B/data/TR_TEST_transfer_106.txt
2019-07-05 15:37:30.151578	/home/user/PycharmProjects/OFET_K2636B/data/TR_TEST_transfer_107.txt
2019-07-05 15:39:31.826680	/home/user/PycharmProjects/OFET_K2636B/data/TR_TEST_transfer_108.txt
2019-07-05 15:39:43.750484	/home/user/PycharmProjects/OFET_K2636B/data/TR_TEST_transfer_109.txt
2019-07-05 15:40:06.548342	/home/user/PycharmProjects/OFET_K2636B/data/TR_TEST_transfer_110.txt
2019-07-05 15:40:21.817538	/home/user/PycharmProjects/OFET_K2636B/data/TR_TEST_transfer_111.txt
2019-07-05 15:40:40.990847	/home/user/PycharmProjects/OFET_K2636B/data/TR_TEST_transfer_112.txt
2019-07-05 15:41:48.195063	/home/user/PycharmProjects/OFET_K2636B/data/TR_TEST_transfer_113.txt
2019-07-05 15:42:49.882347	/home/user/PycharmProjects/OFET_K2636B/data/TR_TEST_transfer_114.txt
2019-07-05 15:44:55.244108	/home/user/PycharmProjects/OFET_K2636B/data/TR_TEST_transfer_115.txt
2019-07-05 15:45:21.896375	/home/user/PycharmProjects/OFET_K2636B/data/TR_TEST_transfer_116.txt
2019-07-05 15:46:02.249841	/home/user/PycharmProjects/OFET_K2636B/data/TR_TEST_transfer_117.txt
2019-07-05 15:46:27.964782	/home/user/PycharmProjects/OFET_K2636B/data/TR_TEST_transfer_118.txt
2019-07-05 15:47:00.436018	/home/user/PycharmProjects/OFET_K2636B/data/TR_TEST_transfer_119.txt
2019-07-05 15:48:52.916738	/home/user/PycharmProjects/OFET_K2636B/data/PT1_10proc_dom_transfer_000.txt
2019-07-05 15:49:59.308043	/home/user/PycharmProjects/OFET_K2636B/data/PT1_10proc_dom_transfer_001.txt
2019-07-05 15:51:09.574905	/home/user/PycharmProjects/OFET_K2636B/data/TR_TEST_transfer_120.txt
2019-07-05 15:52:13.569531	/home/user/PycharmProjects/OFET_K2636B/data/TR_TEST_transfer_121.txt
2019-07-05 15:52:59.700075	/home/user/PycharmProjects/OFET_K2636B/data/TR_TEST_transfer_122.txt
2019-07-05 15:54:11.519152	/home/user/PycharmProjects/OFET_K2636B/data/TR_TEST_transfer_123.txt
2019-07-05 15:58:26.525205	/home/user/PycharmProjects/OFET_K2636B/data/PT1_a11_5proc_dom_transfer_000.txt
2019-07-05 15:59:25.056694	/home/user/PycharmProjects/OFET_K2636B/data/PT1_a11_5proc_dom_transfer_001.txt
2019-07-05 16:00:27.035878	/home/user/PycharmProjects/OFET_K2636B/data/PT1_a11_5proc_dom_transfer_002.txt
2019-07-05 16:01:22.044519	/home/user/PycharmProjects/OFET_K2636B/data/PT1_a11_5proc_dom_transfer_003.txt
2019-07-05 16:02:20.148215	/home/user/PycharmProjects/OFET_K2636B/data/PT1_a11_5proc_dom_transfer_004.txt
2019-07-05 16:03:15.186280	/home/user/PycharmProjects/OFET_K2636B/data/PT1_a11_5proc_dom_transfer_005.txt
2019-07-05 16:04:37.080682	/home/user/PycharmProjects/OFET_K2636B/data/PT1_proc_dom_transfer_000.txt
2019-07-05 16:05:54.624862	/home/user/PycharmProjects/OFET_K2636B/data/PT1_proc_dom_transfer_001.txt
2019-07-05 16:08:26.907063	/home/user/PycharmProjects/OFET_K2636B/data/PT1_a22_proc_dom_transfer_000.txt
2019-07-05 16:09:31.397814	/home/user/PycharmProjects/OFET_K2636B/data/PT1_a22_proc_dom_transfer_001.txt
2019-07-05 16:11:05.255048	/home/user/PycharmProjects/OFET_K2636B/data/PT1_a22_proc_dom_transfer_002.txt
2019-07-05 16:12:10.649957	/home/user/PycharmProjects/OFET_K2636B/data/amu_transfer_000.txt
2019-07-05 16:13:09.051671	/home/user/PycharmProjects/OFET_K2636B/data/amu_transfer_001.txt
2019-07-05 16:14:03.646934	/home/user/PycharmProjects/OFET_K2636B/data/amu_transfer_002.txt
2019-07-05 16:15:04.270235	/home/user/PycharmProjects/OFET_K2636B/data/amu_transfer_003.txt
2019-07-05 16:16:51.273551	/home/user/PycharmProjects/OFET_K2636B/data/PT1_a22_proc_dom_transfer_003.txt
2019-07-05 16:17:54.625550	/home/user/PycharmProjects/OFET_K2636B/data/PT1_a22_proc_dom_transfer_004.txt
2019-07-05 16:19:36.122752	/home/user/PycharmProjects/OFET_K2636B/data/PT1_a22_proc_dom_transfer_005.txt
2019-07-05 16:21:03.037380	/home/user/PycharmProjects/OFET_K2636B/data/PT1_a22_proc_dom_transfer_006.txt
2019-07-16 17:10:11.971246	/home/user/PycharmProjects/OFET_K2636B/data/TR_TEST_transfer_123.txt
2019-07-17 14:24:34.042204	/home/user/PycharmProjects/OFET_K2636B/data/TR_TEST_transfer_124.txt
2019-07-17 14:28:26.932698	/home/user/PycharmProjects/OFET_K2636B/data/TR_TEST_transfer_125.txt
2019-07-17 14:37:04.375121	/home/user/PycharmProjects/OFET_K2636B/data/TR_TEST_transfer_126.txt
2019-07-17 14:38:59.486209	/home/user/PycharmProjects/OFET_K2636B/data/TR_TEST_transfer_127.txt
2019-07-17 14:42:33.607382	/home/user/PycharmProjects/OFET_K2636B/data/TR_TEST_transfer_128.txt
2019-07-17 14:47:10.739147	/home/user/PycharmProjects/OFET_K2636B/data/TR_TEST_transfer_128.txt
2019-07-17 14:47:46.340626	/home/user/PycharmProjects/OFET_K2636B/data/TR_TEST_transfer_129.txt
2019-07-17 14:48:45.598753	/home/user/PycharmProjects/OFET_K2636B/data/TR_TEST_transfer_130.txt
2019-07-17 14:49:24.886562	/home/user/PycharmProjects/OFET_K2636B/data/TR_TEST_transfer_131.txt
2019-07-17 14:50:40.396351	/home/user/PycharmProjects/OFET_K2636B/data/TR_TEST_transfer_132.txt
2019-07-17 14:51:31.373274	/home/user/PycharmProjects/OFET_K2636B/data/TR_TEST_transfer_133.txt
2019-07-17 14:52:22.940847	/home/user/PycharmProjects/OFET_K2636B/data/TR_TEST_transfer_134.txt
2019-07-17 14:53:02.275069	/home/user/PycharmProjects/OFET_K2636B/data/TR_TEST_transfer_135.txt
2019-07-17 14:53:30.182698	/home/user/PycharmProjects/OFET_K2636B/data/TR_TEST_transfer_136.txt
2019-07-17 15:26:41.008922	/home/user/PycharmProjects/OFET_K2636B/data/TR_TEST_transfer_137.txt
2019-07-17 15:34:01.506013	/home/user/PycharmProjects/OFET_K2636B/data/TR_TEST_transfer_138.txt
2019-07-17 15:34:14.403050	/home/user/PycharmProjects/OFET_K2636B/data/TR_TEST_transfer_138.txt
2019-07-17 15:35:42.511798	/home/user/PycharmProjects/OFET_K2636B/data/TR_TEST_transfer_138.txt
2019-07-17 15:38:08.919581	/home/user/PycharmProjects/OFET_K2636B/data/TR_TEST_transfer_138.txt
2019-07-17 15:38:20.521381	/home/user/PycharmProjects/OFET_K2636B/data/TR_TEST_transfer_138.txt
2019-07-17 15:39:40.868655	/home/user/PycharmProjects/OFET_K2636B/data/TR_TEST_transfer_138.txt
2019-07-17 15:41:26.961436	/home/user/PycharmProjects/OFET_K2636B/data/TR_TEST_transfer_138.txt
2019-07-17 15:42:30.466127	/home/user/PycharmProjects/OFET_K2636B/data/TR_TEST_transfer_138.txt
2019-07-17 15:42:57.065700	/home/user/PycharmProjects/OFET_K2636B/data/TR_TEST_transfer_138.txt
2019-07-17 15:43:42.305614	/home/user/PycharmProjects/OFET_K2636B/data/TR_TEST_transfer_138.txt
2019-07-17 15:44:19.720696	/home/user/PycharmProjects/OFET_K2636B/data/TR_TEST_transfer_138.txt
2019-07-17 15:46:06.570291	/home/user/PycharmProjects/OFET_K2636B/data/TR_TEST_oled_000.txt
2019-07-17 15:48:37.967352	/home/user/PycharmProjects/OFET_K2636B/data/B13_1_oled_000.txt
2019-07-17 15:49:15.182374	/home/user/PycharmProjects/OFET_K2636B/data/B13_1_oled_001.txt
2019-07-17 15:49:46.555557	/home/user/PycharmProjects/OFET_K2636B/data/B13_1_oled_002.txt
2019-07-17 15:51:28.759078	/home/user/PycharmProjects/OFET_K2636B/data/B01__oled_000.txt
2019-07-17 15:52:19.208091	/home/user/PycharmProjects/OFET_K2636B/data/B01_1_oled_000.txt
2019-07-17 15:53:14.628566	/home/user/PycharmProjects/OFET_K2636B/data/B01_2_oled_000.txt
2019-07-17 15:53:49.507878	/home/user/PycharmProjects/OFET_K2636B/data/B01_2_oled_001.txt
2019-07-17 15:55:04.138188	/home/user/PycharmProjects/OFET_K2636B/data/B01_3_oled_000.txt
2019-07-17 15:56:19.087319	/home/user/PycharmProjects/OFET_K2636B/data/B01_4_oled_000.txt
2019-07-17 15:57:25.613704	/home/user/PycharmProjects/OFET_K2636B/data/B01_5_oled_000.txt
2019-07-17 15:58:32.385710	/home/user/PycharmProjects/OFET_K2636B/data/B01_6_oled_000.txt
2019-07-17 15:59:45.261017	/home/user/PycharmProjects/OFET_K2636B/data/B01_6_oled_001.txt
2019-07-17 16:01:34.004004	/home/user/PycharmProjects/OFET_K2636B/data/B07_1_oled_000.txt
2019-07-17 16:04:11.374212	/home/user/PycharmProjects/OFET_K2636B/data/B07__oled_000.txt
2019-07-17 16:06:04.532534	/home/user/PycharmProjects/OFET_K2636B/data/B07_6_oled_000.txt
2019-07-17 16:07:13.454899	/home/user/PycharmProjects/OFET_K2636B/data/B07_6_oled_001.txt
2019-07-17 16:08:45.964210	/home/user/PycharmProjects/OFET_K2636B/data/B07_5_oled_000.txt
2019-07-17 16:09:21.242272	/home/user/PycharmProjects/OFET_K2636B/data/B07_2_oled_000.txt
2019-07-17 16:10:58.337201	/home/user/PycharmProjects/OFET_K2636B/data/B22_1_oled_000.txt
2019-07-17 16:11:40.842038	/home/user/PycharmProjects/OFET_K2636B/data/B22_2_oled_000.txt
2019-07-17 16:12:44.827837	/home/user/PycharmProjects/OFET_K2636B/data/B22_3_oled_000.txt
2019-07-17 16:13:22.033836	/home/user/PycharmProjects/OFET_K2636B/data/B22_4_oled_000.txt
2019-07-17 16:14:00.737672	/home/user/PycharmProjects/OFET_K2636B/data/B22_4_oled_001.txt
2019-07-17 16:16:18.946095	/home/user/PycharmProjects/OFET_K2636B/data/B22_5_oled_000.txt
2019-07-17 16:17:10.172844	/home/user/PycharmProjects/OFET_K2636B/data/B22_6_oled_000.txt
2019-07-17 16:19:41.827744	/home/user/PycharmProjects/OFET_K2636B/data/B05_1_oled_000.txt
2019-07-17 16:20:14.566607	/home/user/PycharmProjects/OFET_K2636B/data/B05_1_oled_001.txt
2019-07-17 16:20:53.949286	/home/user/PycharmProjects/OFET_K2636B/data/B05_2_oled_000.txt
2019-07-17 16:21:39.585254	/home/user/PycharmProjects/OFET_K2636B/data/B05_3_oled_000.txt
2019-07-17 16:22:40.035565	/home/user/PycharmProjects/OFET_K2636B/data/B05_4_oled_000.txt
2019-07-17 16:23:19.155249	/home/user/PycharmProjects/OFET_K2636B/data/B05_5_oled_000.txt
2019-07-17 16:24:18.297442	/home/user/PycharmProjects/OFET_K2636B/data/B05_6_oled_000.txt
2019-07-17 16:24:50.816020	/home/user/PycharmProjects/OFET_K2636B/data/B05_6_oled_001.txt
2019-07-17 16:26:51.638519	/home/user/PycharmProjects/OFET_K2636B/data/B04_1_oled_000.txt
2019-07-17 16:27:36.940066	/home/user/PycharmProjects/OFET_K2636B/data/B04_2_oled_000.txt
2019-07-17 16:29:13.766315	/home/user/PycharmProjects/OFET_K2636B/data/B22b_1_oled_000.txt
2019-07-17 16:29:54.417773	/home/user/PycharmProjects/OFET_K2636B/data/B22b_1_oled_001.txt
2019-07-17 16:30:36.427684	/home/user/PycharmProjects/OFET_K2636B/data/B22b_2_oled_000.txt
2019-07-17 16:31:13.222775	/home/user/PycharmProjects/OFET_K2636B/data/B22b_3_oled_000.txt
2019-07-17 16:31:47.700136	/home/user/PycharmProjects/OFET_K2636B/data/B22b_4_oled_000.txt
2019-07-17 16:32:21.829475	/home/user/PycharmProjects/OFET_K2636B/data/B22b_5_oled_000.txt
2019-07-17 16:33:00.540995	/home/user/PycharmProjects/OFET_K2636B/data/B22b_6_oled_000.txt
2019-07-17 16:34:11.957194	/home/user/PycharmProjects/OFET_K2636B/data/B09_1_oled_000.txt
2019-07-17 16:35:05.396864	/home/user/PycharmProjects/OFET_K2636B/data/B09_2_oled_000.txt
2019-07-17 16:35:41.503238	/home/user/PycharmProjects/OFET_K2636B/data/B09_3_oled_000.txt
2019-07-17 16:36:24.331429	/home/user/PycharmProjects/OFET_K2636B/data/B09_4_oled_000.txt
2019-07-17 16:37:06.593403	/home/user/PycharmProjects/OFET_K2636B/data/B09__oled_000.txt
2019-07-17 16:38:09.019528	/home/user/PycharmProjects/OFET_K2636B/data/B18_1_oled_000.txt
2019-07-17 16:38:45.924056	/home/user/PycharmProjects/OFET_K2636B/data/B18_2_oled_000.txt
2019-07-17 16:39:25.557605	/home/user/PycharmProjects/OFET_K2636B/data/B18_3_oled_000.txt
2019-07-17 16:40:00.512235	/home/user/PycharmProjects/OFET_K2636B/data/B18_4_oled_000.txt
2019-07-17 16:40:34.282197	/home/user/PycharmProjects/OFET_K2636B/data/B18_5_oled_000.txt
2019-07-17 16:41:08.247327	/home/user/PycharmProjects/OFET_K2636B/data/B18_6_oled_000.txt
2019-07-17 16:41:45.747002	/home/user/PycharmProjects/OFET_K2636B/data/B18__oled_000.txt
2019-07-17 16:42:23.621167	/home/user/PycharmProjects/OFET_K2636B/data/B18__oled_001.txt
2019-07-17 16:43:55.284734	/home/user/PycharmProjects/OFET_K2636B/data/B15_1_oled_000.txt
2019-07-17 16:44:34.078889	/home/user/PycharmProjects/OFET_K2636B/data/B15_2_oled_000.txt
2019-07-17 16:45:11.419063	/home/user/PycharmProjects/OFET_K2636B/data/B15_3_oled_000.txt
2019-07-17 16:45:45.378346	/home/user/PycharmProjects/OFET_K2636B/data/B15_4_oled_000.txt
2019-07-17 16:46:23.058666	/home/user/PycharmProjects/OFET_K2636B/data/B15_5_oled_000.txt
2019-07-17 16:46:57.176741	/home/user/PycharmProjects/OFET_K2636B/data/B15_6_oled_000.txt
2019-07-17 16:47:53.729740	/home/user/PycharmProjects/OFET_K2636B/data/B27_1_oled_000.txt
2019-07-17 16:48:34.928858	/home/user/PycharmProjects/OFET_K2636B/data/B27_2_oled_000.txt
2019-07-17 16:49:10.391826	/home/user/PycharmProjects/OFET_K2636B/data/B27_3_oled_000.txt
2019-07-17 16:49:46.879794	/home/user/PycharmProjects/OFET_K2636B/data/B27_4_oled_000.txt
2019-07-17 16:50:21.714182	/home/user/PycharmProjects/OFET_K2636B/data/B27_5_oled_000.txt
2019-07-17 16:51:10.941365	/home/user/PycharmProjects/OFET_K2636B/data/B27_6_oled_000.txt
2019-07-17 16:52:37.995310	/home/user/PycharmProjects/OFET_K2636B/data/B15_1_oled_001.txt
2019-07-17 16:53:12.592475	/home/user/PycharmProjects/OFET_K2636B/data/B15_2_oled_001.txt
2019-07-17 16:54:07.766565	/home/user/PycharmProjects/OFET_K2636B/data/B15_3_oled_001.txt
2019-07-17 16:54:42.600673	/home/user/PycharmProjects/OFET_K2636B/data/B15_4_oled_001.txt
2019-07-17 16:55:17.225163	/home/user/PycharmProjects/OFET_K2636B/data/B15_5_oled_001.txt
2019-07-17 16:55:52.105497	/home/user/PycharmProjects/OFET_K2636B/data/B15_6_oled_001.txt
2019-07-17 16:56:35.837832	/home/user/PycharmProjects/OFET_K2636B/data/B15__oled_000.txt
2019-07-17 16:57:19.860912	/home/user/PycharmProjects/OFET_K2636B/data/B15__oled_001.txt
2019-07-17 16:58:57.876588	/home/user/PycharmProjects/OFET_K2636B/data/B_SJ_1_oled_000.txt
2019-07-17 16:59:35.563588	/home/user/PycharmProjects/OFET_K2636B/data/B_SJ_2_oled_000.txt
2019-07-17 17:00:13.878834	/home/user/PycharmProjects/OFET_K2636B/data/B_SJ_3_oled_000.txt
2019-07-17 17:00:53.038341	/home/user/PycharmProjects/OFET_K2636B/data/B_SJ_4_oled_000.txt
2019-07-17 17:01:29.784429	/home/user/PycharmProjects/OFET_K2636B/data/B_SJ_5_oled_000.txt
2019-07-17 17:02:05.674456	/home/user/PycharmProjects/OFET_K2636B/data/B_SJ_6_oled_000.txt
2019-07-18 17:04:33.484058	/home/user/PycharmProjects/OFET_K2636B/data/TR_TEST_oled_001.txt
2019-07-18 17:09:06.972238	/home/user/PycharmProjects/OFET_K2636B/data/TR_TEST_oled_002.txt
2019-07-18 17:09:40.307730	/home/user/PycharmProjects/OFET_K2636B/data/TR_TEST_oled_003.txt
2019-07-18 17:10:26.234328	/home/user/PycharmProjects/OFET_K2636B/data/TR_TEST_oled_004.txt
2019-07-18 17:13:06.516578	/home/user/PycharmProjects/OFET_K2636B/data/TR_TEST_oled_005.txt
2019-07-18 17:13:26.282422	/home/user/PycharmProjects/OFET_K2636B/data/TR_TEST_oled_006.txt
2019-07-18 17:25:19.170968	/home/user/PycharmProjects/OFET_K2636B/data/TR_TEST_oled_007.txt
2019-07-18 17:26:46.141282	/home/user/PycharmProjects/OFET_K2636B/data/TR_TEST_oled_008.txt
2019-07-18 17:28:30.111080	/home/user/PycharmProjects/OFET_K2636B/data/TR_TEST_oled_009.txt
2019-07-18 17:29:59.821254	/home/user/PycharmProjects/OFET_K2636B/data/TR_TEST_oled_010.txt
2019-07-18 17:30:32.792380	/home/user/PycharmProjects/OFET_K2636B/data/TR_TEST_oled_011.txt
2019-07-18 18:44:08.315125	/home/user/PycharmProjects/OFET_K2636B/data/TR_TEST_oled_012.txt
2019-07-18 18:45:22.985670	/home/user/PycharmProjects/OFET_K2636B/data/TR_TEST_oled_012.txt
2019-07-18 18:45:44.185565	/home/user/PycharmProjects/OFET_K2636B/data/TR_TEST_oled_012.txt
2019-07-18 18:45:50.097111	/home/user/PycharmProjects/OFET_K2636B/data/TR_TEST_transfer_139.txt
2019-07-18 18:45:59.333569	/home/user/PycharmProjects/OFET_K2636B/data/TR_TEST_oled_012.txt
2019-07-18 18:46:04.779249	/home/user/PycharmProjects/OFET_K2636B/data/TR_TEST_oled_012.txt
2019-07-18 18:46:11.040307	/home/user/PycharmProjects/OFET_K2636B/data/TR_TEST_transfer_139.txt
2019-07-18 18:46:53.600867	/home/user/PycharmProjects/OFET_K2636B/data/TR_TEST_transfer_139.txt
2019-07-18 18:47:00.066006	/home/user/PycharmProjects/OFET_K2636B/data/TR_TEST_transfer_139.txt
2019-07-18 18:48:16.280614	/home/user/PycharmProjects/OFET_K2636B/data/TR_TEST_transfer_139.txt
2019-07-18 18:48:20.665098	/home/user/PycharmProjects/OFET_K2636B/data/TR_TEST_transfer_139.txt
2019-07-18 18:48:22.935990	/home/user/PycharmProjects/OFET_K2636B/data/TR_TEST_transfer_139.txt
2019-07-18 18:48:27.879994	/home/user/PycharmProjects/OFET_K2636B/data/TR_TEST_oled_012.txt
2019-07-18 18:48:31.141099	/home/user/PycharmProjects/OFET_K2636B/data/TR_TEST_oled_012.txt
2019-07-18 18:48:33.173798	/home/user/PycharmProjects/OFET_K2636B/data/TR_TEST_oled_012.txt
2019-07-18 18:48:34.876540	/home/user/PycharmProjects/OFET_K2636B/data/TR_TEST_transfer_139.txt
2019-07-18 18:48:36.368359	/home/user/PycharmProjects/OFET_K2636B/data/TR_TEST_transfer_139.txt
2019-07-18 18:48:37.677149	/home/user/PycharmProjects/OFET_K2636B/data/TR_TEST_transfer_139.txt
2019-07-18 18:49:58.190408	/home/user/PycharmProjects/OFET_K2636B/data/TR_TEST_transfer_139.txt
2019-07-18 18:50:17.016272	/home/user/PycharmProjects/OFET_K2636B/data/TR_TEST_oled_012.txt
2019-07-18 18:50:29.691242	/home/user/PycharmProjects/OFET_K2636B/data/TR_TEST_oled_013.txt
2019-07-18 18:50:47.475373	/home/user/PycharmProjects/OFET_K2636B/data/TR_TEST_oled_013.txt
2019-07-18 18:51:00.025191	/home/user/PycharmProjects/OFET_K2636B/data/TR_TEST_oled_013.txt
2019-07-18 18:51:17.452258	/home/user/PycharmProjects/OFET_K2636B/data/TR_TEST_oled_014.txt
2019-07-18 18:52:24.715495	/home/user/PycharmProjects/OFET_K2636B/data/TR_TEST_oled_014.txt
2019-07-18 18:52:32.488735	/home/user/PycharmProjects/OFET_K2636B/data/TR_TEST_oled_014.txt
2019-07-19 14:49:36.298039	/home/user/PycharmProjects/OFET_K2636B/data/TR_TEST_oled_015.txt
2019-07-19 14:50:02.041226	/home/user/PycharmProjects/OFET_K2636B/data/TR_TEST_oled_015.txt
2019-07-19 14:50:15.479157	/home/user/PycharmProjects/OFET_K2636B/data/TR_TEST_oled_015.txt
2019-07-19 14:50:31.848212	/home/user/PycharmProjects/OFET_K2636B/data/TR_TEST_transfer_140.txt
2019-07-19 14:50:53.451219	/home/user/PycharmProjects/OFET_K2636B/data/TR_TEST_oled_015.txt
2019-07-19 14:50:55.400154	/home/user/PycharmProjects/OFET_K2636B/data/TR_TEST_oled_015.txt
2019-07-19 14:51:47.287639	/home/user/PycharmProjects/OFET_K2636B/data/TR_TEST_oled_015.txt
2019-07-19 14:52:26.795957	/home/user/PycharmProjects/OFET_K2636B/data/TR_TEST_oled_015.txt
2019-07-19 14:53:21.835939	/home/user/PycharmProjects/OFET_K2636B/data/TR_TEST_oled_015.txt
2019-07-19 14:53:57.875363	/home/user/PycharmProjects/OFET_K2636B/data/TR_TEST_oled_016.txt
2019-07-19 14:54:32.486266	/home/user/PycharmProjects/OFET_K2636B/data/TR_TEST_oled_016.txt
2019-07-19 14:55:39.474442	/home/user/PycharmProjects/OFET_K2636B/data/TR_TEST_oled_016.txt
2019-07-19 14:56:39.085461	/home/user/PycharmProjects/OFET_K2636B/data/TR_TEST_oled_016.txt
2019-07-19 14:56:59.478032	/home/user/PycharmProjects/OFET_K2636B/data/TR_TEST_oled_016.txt
2019-07-19 14:58:07.513912	/home/user/PycharmProjects/OFET_K2636B/data/TR_TEST_oled_017.txt
2019-07-19 14:58:19.539331	/home/user/PycharmProjects/OFET_K2636B/data/TR_TEST_oled_017.txt
2019-07-19 14:58:31.908857	/home/user/PycharmProjects/OFET_K2636B/data/TR_TEST_oled_017.txt
2019-07-19 14:59:17.513959	/home/user/PycharmProjects/OFET_K2636B/data/TR_TEST_oled_018.txt
2019-07-19 14:59:30.422142	/home/user/PycharmProjects/OFET_K2636B/data/TR_TEST_oled_018.txt
2019-07-19 15:00:12.688248	/home/user/PycharmProjects/OFET_K2636B/data/TR_TEST_oled_019.txt
2019-07-19 15:00:28.915678	/home/user/PycharmProjects/OFET_K2636B/data/TR_TEST_oled_020.txt
2019-07-19 15:01:05.186467	/home/user/PycharmProjects/OFET_K2636B/data/TR_TEST_oled_021.txt
2019-07-19 17:33:17.759092	/home/user/PycharmProjects/OFET_K2636B/data/TR_TEST_oled_022.txt
2019-07-19 17:33:58.695713	/home/user/PycharmProjects/OFET_K2636B/data/TR_TEST_oled_023.txt
2019-07-19 17:34:38.212977	/home/user/PycharmProjects/OFET_K2636B/data/TR_TEST_oled_024.txt
2019-07-19 17:36:06.487930	/home/user/PycharmProjects/OFET_K2636B/data/TR_TEST_oled_025.txt
2019-07-19 17:36:47.911588	/home/user/PycharmProjects/OFET_K2636B/data/TR_TEST_oled_026.txt
2019-07-19 17:37:20.124168	/home/user/PycharmProjects/OFET_K2636B/data/TR_TEST_oled_027.txt
2019-07-19 17:37:43.810896	/home/user/PycharmProjects/OFET_K2636B/data/TR_TEST_oled_028.txt
2019-07-19 17:44:22.568062	/home/user/PycharmProjects/OFET_K2636B/data/TR_TEST_oled_029.txt
2019-07-19 17:44:46.736040	/home/user/PycharmProjects/OFET_K2636B/data/TR_TEST_oled_030.txt
2019-07-19 17:45:08.212762	/home/user/PycharmProjects/OFET_K2636B/data/TR_TEST_oled_031.txt
2019-07-19 17:45:31.833986	/home/user/PycharmProjects/OFET_K2636B/data/TR_TEST_oled_032.txt
2019-07-19 17:53:40.847552	/home/user/PycharmProjects/OFET_K2636B/data/TR_TEST_oled_033.txt
2019-07-19 17:55:18.212834	/home/user/PycharmProjects/OFET_K2636B/data/TR_TEST_transfer_141.txt
2019-07-19 17:55:23.370039	/home/user/PycharmProjects/OFET_K2636B/data/TR_TEST_oled_033.txt
2019-07-19 17:55:52.118456	/home/user/PycharmProjects/OFET_K2636B/data/TR_TEST_oled_033.txt
2019-07-19 17:56:08.424097	/home/user/PycharmProjects/OFET_K2636B/data/TR_TEST_transfer_141.txt
2019-07-19 17:56:38.785574	/home/user/PycharmProjects/OFET_K2636B/data/TR_TEST_transfer_141.txt
2019-07-19 18:39:37.265751	/home/user/PycharmProjects/OFET_K2636B/data/TR_TEST_oled_033.txt
2019-07-19 18:40:01.668391	/home/user/PycharmProjects/OFET_K2636B/data/TR_TEST_oled_034.txt
2019-07-19 18:40:34.504678	/home/user/PycharmProjects/OFET_K2636B/data/TR_TEST_oled_035.txt
2019-07-19 18:43:16.143688	/home/user/PycharmProjects/OFET_K2636B/data/20190719_Bxx_1_oled_000.txt
2019-07-19 18:44:36.015137	/home/user/PycharmProjects/OFET_K2636B/data/20190719_Bxx_2_oled_000.txt
2019-07-19 18:45:23.146335	/home/user/PycharmProjects/OFET_K2636B/data/20190719_Bxx_3_oled_000.txt
2019-07-19 18:46:07.556503	/home/user/PycharmProjects/OFET_K2636B/data/20190719_Bxx_4_oled_000.txt
2019-07-19 18:46:50.039634	/home/user/PycharmProjects/OFET_K2636B/data/20190719_Bxx_4_oled_001.txt
2019-07-19 18:47:35.242416	/home/user/PycharmProjects/OFET_K2636B/data/20190719_Bxx_6_oled_000.txt
2019-07-19 18:49:18.884816	/home/user/PycharmProjects/OFET_K2636B/data/20190719_B14_1_oled_000.txt
2019-07-19 18:49:59.664457	/home/user/PycharmProjects/OFET_K2636B/data/20190719_B14_1_oled_001.txt
2019-07-22 13:32:25.196743	/home/user/PycharmProjects/OFET_K2636B/data/TR_TEST_oled_035.txt
2019-07-22 13:33:38.598593	/home/user/PycharmProjects/OFET_K2636B/data/TR_TEST_oled_036.txt
2019-07-22 13:34:15.128869	/home/user/PycharmProjects/OFET_K2636B/data/TR_TEST_oled_036.txt
2019-07-22 13:35:03.186526	/home/user/PycharmProjects/OFET_K2636B/data/TR_TEST_oled_036.txt
2019-07-22 13:35:30.410498	/home/user/PycharmProjects/OFET_K2636B/data/TR_TEST_oled_036.txt
2019-07-22 13:36:33.486317	/home/user/PycharmProjects/OFET_K2636B/data/TR_TEST_oled_036.txt
2019-07-22 13:37:26.142056	/home/user/PycharmProjects/OFET_K2636B/data/TR_TEST_oled_036.txt
2019-07-22 13:41:23.101025	/home/user/PycharmProjects/OFET_K2636B/data/TR_TEST_oled_036.txt
2019-07-22 13:42:27.090651	/home/user/PycharmProjects/OFET_K2636B/data/TR_TEST_oled_036.txt
2019-07-22 13:44:27.911977	/home/user/PycharmProjects/OFET_K2636B/data/TR_TEST_oled_036.txt
2019-07-22 13:45:26.266913	/home/user/PycharmProjects/OFET_K2636B/data/TR_TEST_oled_037.txt
2019-07-22 13:46:29.210678	/home/user/PycharmProjects/OFET_K2636B/data/TR_TEST_oled_038.txt
2019-07-22 13:47:18.270065	/home/user/PycharmProjects/OFET_K2636B/data/TR_TEST_oled_039.txt
2019-07-22 13:47:41.710066	/home/user/PycharmProjects/OFET_K2636B/data/TR_TEST_oled_039.txt
2019-07-22 13:53:42.424731	/home/user/PycharmProjects/OFET_K2636B/data/TR_TEST_oled_040.txt
2019-07-22 14:01:17.298130	/home/user/PycharmProjects/OFET_K2636B/data/TR_TEST_oled_041.txt
2019-07-22 14:02:01.605820	/home/user/PycharmProjects/OFET_K2636B/data/TR_TEST_oled_042.txt
2019-07-22 14:06:22.789669	/home/user/PycharmProjects/OFET_K2636B/data/TR_TEST_oled_042.txt
2019-07-22 14:08:05.262806	/home/user/PycharmProjects/OFET_K2636B/data/TR_TEST_oled_043.txt
2019-07-22 14:08:53.006559	/home/user/PycharmProjects/OFET_K2636B/data/TR_TEST_oled_044.txt
2019-07-22 14:19:13.907198	/home/user/PycharmProjects/OFET_K2636B/data/TR_TEST_oled_045.txt
2019-07-22 14:20:39.522319	/home/user/PycharmProjects/OFET_K2636B/data/TR_TEST_oled_046.txt
2019-07-22 14:20:57.542902	/home/user/PycharmProjects/OFET_K2636B/data/TR_TEST_oled_046.txt
2019-07-22 14:30:16.734610	/home/user/PycharmProjects/OFET_K2636B/data/TR_TEST_oled_047.txt
2019-07-22 16:22:04.376748	/home/user/PycharmProjects/OFET_K2636B/data/TR_TEST_oled_048.txt
2019-07-22 16:22:51.770673	/home/user/PycharmProjects/OFET_K2636B/data/TR_TEST_oled_049.txt
2019-07-22 16:24:28.541998	/home/user/PycharmProjects/OFET_K2636B/data/TR_TEST_oled_050.txt
2019-07-22 16:25:15.165618	/home/user/PycharmProjects/OFET_K2636B/data/TR_TEST_oled_051.txt
2019-07-22 16:25:43.823486	/home/user/PycharmProjects/OFET_K2636B/data/TR_TEST_oled_052.txt
2019-07-22 16:26:17.831514	/home/user/PycharmProjects/OFET_K2636B/data/TR_TEST_oled_053.txt
2019-07-22 16:38:54.107428	/home/user/PycharmProjects/OFET_K2636B/data/TR_TEST_oled_054.txt
2019-07-22 16:40:03.376320	/home/user/PycharmProjects/OFET_K2636B/data/TR_TEST_oled_055.txt
2019-07-22 17:02:07.703308	/home/user/PycharmProjects/OFET_K2636B/data/TR_TEST_oled_056.txt
2019-07-22 17:02:34.669845	/home/user/PycharmProjects/OFET_K2636B/data/TR_TEST_oled_057.txt
2019-07-22 17:03:13.317877	/home/user/PycharmProjects/OFET_K2636B/data/TR_TEST_oled_058.txt
2019-07-22 17:06:32.676706	/home/user/PycharmProjects/OFET_K2636B/data/TR_TEST_oled_059.txt
2019-07-22 17:07:12.453537	/home/user/PycharmProjects/OFET_K2636B/data/projx_oled_000.txt
2019-07-22 17:08:45.926410	/home/user/PycharmProjects/OFET_K2636B/data/projx_oled_001.txt
2019-07-22 17:09:29.283149	/home/user/PycharmProjects/OFET_K2636B/data/projx_oled_002.txt
2019-07-22 17:10:03.599408	/home/user/PycharmProjects/OFET_K2636B/data/projx_oled_003.txt
2019-07-22 17:10:40.293122	/home/user/PycharmProjects/OFET_K2636B/data/projx_oled_004.txt
2019-07-22 17:13:17.120664	/home/user/PycharmProjects/OFET_K2636B/data/projx_oled_005.txt
2019-07-22 17:13:58.594050	/home/user/PycharmProjects/OFET_K2636B/data/projx_oled_006.txt
2019-07-22 17:14:20.089671	/home/user/PycharmProjects/OFET_K2636B/data/projx_oled_007.txt
2019-07-22 17:14:53.288851	/home/user/PycharmProjects/OFET_K2636B/data/projx_oled_008.txt
2019-07-22 17:15:19.653266	/home/user/PycharmProjects/OFET_K2636B/data/projx_oled_009.txt
2019-07-22 17:15:50.108390	/home/user/PycharmProjects/OFET_K2636B/data/projx_oled_010.txt
2019-07-23 13:05:55.331290	/home/user/PycharmProjects/OFET_K2636B/data/projx_oled_011.txt
2019-07-23 13:06:21.990294	/home/user/PycharmProjects/OFET_K2636B/data/projx_oled_012.txt
2019-07-23 13:06:58.383257	/home/user/PycharmProjects/OFET_K2636B/data/projx_oled_013.txt
2019-07-23 13:07:19.916813	/home/user/PycharmProjects/OFET_K2636B/data/projx_oled_014.txt
2019-07-23 13:53:21.957963	/home/user/PycharmProjects/OFET_K2636B/data/projx_oled_015.txt
2019-07-23 13:54:02.793273	/home/user/PycharmProjects/OFET_K2636B/data/projx_oled_016.txt
2019-07-23 13:54:30.499954	/home/user/PycharmProjects/OFET_K2636B/data/projx_oled_017.txt
2019-07-23 13:54:56.443351	/home/user/PycharmProjects/OFET_K2636B/data/projx_oled_018.txt
2019-07-23 15:48:22.115130	/home/user/PycharmProjects/OFET_K2636B/data/TR_TEST_oled_060.txt
2019-07-23 15:48:48.106975	/home/user/PycharmProjects/OFET_K2636B/data/TR_TEST_oled_061.txt
2019-07-23 15:49:11.052633	/home/user/PycharmProjects/OFET_K2636B/data/TR_TEST_oled_062.txt
2019-09-03 17:32:48.348900	/home/user/PycharmProjects/OFET_K2636B/data/TR_TEST_transfer_007.txt
2019-09-03 17:35:12.254317	/home/user/PycharmProjects/OFET_K2636B/data/TR_TEST_transfer_008.txt
2019-09-03 17:51:27.376166	/home/user/PycharmProjects/OFET_K2636B/data/TR_TEST_transfer_009.txt
2019-09-03 17:53:47.891138	/home/user/PycharmProjects/OFET_K2636B/data/TR_TEST_transfer_010.txt
2019-09-03 17:54:34.514296	/home/user/PycharmProjects/OFET_K2636B/data/TR_TEST_transfer_011.txt
2019-09-03 18:12:38.324177	/home/user/PycharmProjects/OFET_K2636B/data/TR_TEST_transfer_012.txt
2019-09-03 18:29:52.068218	/home/user/PycharmProjects/OFET_K2636B/data/TR_TEST_transfer_013.txt
2019-09-03 18:30:57.776783	/home/user/PycharmProjects/OFET_K2636B/data/TR_TEST_transfer_014.txt
2019-09-03 18:33:38.650580	/home/user/PycharmProjects/OFET_K2636B/data/TR_TEST_transfer_015.txt
2019-09-03 18:34:32.833892	/home/user/PycharmProjects/OFET_K2636B/data/TR_TEST_transfer_015.txt
2019-09-03 18:40:19.413034	/home/user/PycharmProjects/OFET_K2636B/data/TR_TEST_transfer_016.txt
2019-09-04 13:18:11.623126	/home/user/PycharmProjects/OFET_K2636B/data/TR_TEST_transfer_017.txt
2019-09-04 13:19:39.896832	/home/user/PycharmProjects/OFET_K2636B/data/TR_TEST_transfer_018.txt
2019-09-04 14:16:44.050714	/home/user/PycharmProjects/OFET_K2636B/data/TR_TEST_transfer_018.txt
2019-09-04 14:17:42.277920	/home/user/PycharmProjects/OFET_K2636B/data/TR_TEST_transfer_019.txt
2019-09-04 14:19:01.996636	/home/user/PycharmProjects/OFET_K2636B/data/TR_TEST_transfer_020.txt
2019-09-04 14:19:25.700258	/home/user/PycharmProjects/OFET_K2636B/data/TR_TEST_transfer_021.txt
2019-09-04 14:21:04.087329	/home/user/PycharmProjects/OFET_K2636B/data/TR_TEST_transfer_022.txt
2019-09-04 14:25:29.837614	/home/user/PycharmProjects/OFET_K2636B/data/TR_TEST_transfer_023.txt
2019-09-04 14:28:07.476879	/home/user/PycharmProjects/OFET_K2636B/data/TR_TEST_transfer_024.txt
2019-09-04 14:33:34.035284	/home/user/PycharmProjects/OFET_K2636B/data/TR_TEST_transfer_025.txt
2019-09-04 14:52:00.100045	/home/user/PycharmProjects/OFET_K2636B/data/TR_TEST_transfer_026.txt
2019-09-04 14:52:10.200900	/home/user/PycharmProjects/OFET_K2636B/data/TR_TEST_transfer_026.txt
2019-09-04 14:52:36.513875	/home/user/PycharmProjects/OFET_K2636B/data/TR_TEST_transfer_026.txt
2019-09-04 14:53:58.626265	/home/user/PycharmProjects/OFET_K2636B/data/TR_TEST_transfer_026.txt
2019-09-04 14:55:43.521363	/home/user/PycharmProjects/OFET_K2636B/data/TR_TEST_transfer_026.txt
2019-09-04 14:56:00.485463	/home/user/PycharmProjects/OFET_K2636B/data/TR_TEST_transfer_026.txt
2019-09-04 14:56:53.224258	/home/user/PycharmProjects/OFET_K2636B/data/TR_TEST_transfer_026.txt
2019-09-04 14:58:06.211513	/home/user/PycharmProjects/OFET_K2636B/data/TR_TEST_transfer_026.txt
2019-09-04 14:58:15.699826	/home/user/PycharmProjects/OFET_K2636B/data/TR_TEST_transfer_027.txt
2019-09-04 14:58:38.872187	/home/user/PycharmProjects/OFET_K2636B/data/TR_TEST_transfer_028.txt
2019-09-04 15:12:05.464942	/home/user/PycharmProjects/OFET_K2636B/data/TR_TEST_transfer_028.txt
2019-09-04 15:12:30.053698	/home/user/PycharmProjects/OFET_K2636B/data/TR_TEST_transfer_028.txt
2019-09-04 15:13:11.461513	/home/user/PycharmProjects/OFET_K2636B/data/TR_TEST_transfer_029.txt
2019-09-04 15:14:04.302803	/home/user/PycharmProjects/OFET_K2636B/data/TR_TEST_transfer_029.txt
2019-09-04 15:14:18.197831	/home/user/PycharmProjects/OFET_K2636B/data/TR_TEST_transfer_030.txt
2019-09-04 15:14:28.174774	/home/user/PycharmProjects/OFET_K2636B/data/TR_TEST_transfer_031.txt
2019-09-04 15:20:16.260600	/home/user/PycharmProjects/OFET_K2636B/data/TR_TEST_transfer_032.txt
2019-09-04 15:20:48.383164	/home/user/PycharmProjects/OFET_K2636B/data/TR_TEST_transfer_033.txt
2019-09-04 15:21:25.038656	/home/user/PycharmProjects/OFET_K2636B/data/TR_TEST_transfer_034.txt
2019-09-04 15:22:23.961064	/home/user/PycharmProjects/OFET_K2636B/data/TR_TEST_transfer_035.txt
2019-09-04 15:22:59.007326	/home/user/PycharmProjects/OFET_K2636B/data/TR_TEST_transfer_036.txt
2019-09-04 15:23:33.414416	/home/user/PycharmProjects/OFET_K2636B/data/TR_TEST_transfer_037.txt
2019-09-04 15:23:39.328190	/home/user/PycharmProjects/OFET_K2636B/data/TR_TEST_transfer_038.txt
2019-09-04 15:23:43.737917	/home/user/PycharmProjects/OFET_K2636B/data/TR_TEST_transfer_039.txt
2019-09-04 15:27:08.544623	/home/user/PycharmProjects/OFET_K2636B/data/TR_TEST_transfer_040.txt
2019-09-04 15:30:44.617298	/home/user/PycharmProjects/OFET_K2636B/data/TR_TEST_transfer_041.txt
2019-09-04 15:30:49.698044	/home/user/PycharmProjects/OFET_K2636B/data/TR_TEST_transfer_042.txt
2019-09-04 15:32:09.235048	/home/user/PycharmProjects/OFET_K2636B/data/TR_TEST_transfer_043.txt
2019-09-04 15:32:27.697208	/home/user/PycharmProjects/OFET_K2636B/data/TR_TEST_transfer_044.txt
2019-09-04 15:32:43.426319	/home/user/PycharmProjects/OFET_K2636B/data/TR_TEST_transfer_044.txt
2019-09-04 16:30:55.668589	/home/user/PycharmProjects/OFET_K2636B/data/TR_TEST_transfer_045.txt
2019-09-04 16:36:30.755295	/home/user/PycharmProjects/OFET_K2636B/data/TR_TEST_transfer_046.txt
2019-09-04 16:36:43.586332	/home/user/PycharmProjects/OFET_K2636B/data/TR_TEST_transfer_047.txt
2019-09-04 16:37:02.120086	/home/user/PycharmProjects/OFET_K2636B/data/TR_TEST_transfer_048.txt
2019-09-04 16:43:35.300473	/home/user/PycharmProjects/OFET_K2636B/data/TR_TEST_transfer_049.txt
2019-09-06 11:53:54.879139	/home/user/PycharmProjects/OFET_K2636B/data/TR_TEST_oled_000.txt
2019-09-06 11:55:36.592409	/home/user/PycharmProjects/OFET_K2636B/data/TR_TEST_oled_001.txt
2019-09-06 11:56:02.273089	/home/user/PycharmProjects/OFET_K2636B/data/TR_TEST_oled_002.txt
2019-09-06 12:02:55.086145	/home/user/PycharmProjects/OFET_K2636B/data/TR_TEST_oled_003.txt
2019-09-06 12:04:50.984438	/home/user/PycharmProjects/OFET_K2636B/data/TR_TEST_oled_004.txt
2019-09-06 12:05:32.394841	/home/user/PycharmProjects/OFET_K2636B/data/TR_TEST_oled_005.txt
2019-09-06 12:06:47.116246	/home/user/PycharmProjects/OFET_K2636B/data/TR_TEST_oled_006.txt
2019-09-06 12:07:48.063324	/home/user/PycharmProjects/OFET_K2636B/data/TR_TEST_oled_007.txt
2019-09-06 12:21:10.670056	/home/user/PycharmProjects/OFET_K2636B/data/TR_TEST_oled_008.txt
2019-09-06 12:24:29.444934	/home/user/PycharmProjects/OFET_K2636B/data/TR_TEST_oled_009.txt
2019-09-06 12:25:00.593041	/home/user/PycharmProjects/OFET_K2636B/data/TR_TEST_oled_010.txt
2019-09-06 12:25:41.419023	/home/user/PycharmProjects/OFET_K2636B/data/TR_TEST_oled_011.txt
2019-09-06 12:28:59.411155	/home/user/PycharmProjects/OFET_K2636B/data/TR_TEST_oled_012.txt
2019-09-06 12:29:27.549936	/home/user/PycharmProjects/OFET_K2636B/data/TR_TEST_oled_013.txt
2019-09-06 12:37:38.168774	/home/user/PycharmProjects/OFET_K2636B/data/TR_TEST_oled_014.txt
2019-09-06 12:38:00.347421	/home/user/PycharmProjects/OFET_K2636B/data/TR_TEST_oled_015.txt
2019-09-06 12:41:29.093495	/home/user/PycharmProjects/OFET_K2636B/data/TR_TEST_oled_016.txt
2019-09-06 12:41:59.856303	/home/user/PycharmProjects/OFET_K2636B/data/TR_TEST_oled_017.txt
2019-09-06 18:13:20.646776	/home/user/PycharmProjects/OFET_K2636B/data/TR_TEST_oled_018.txt
2019-09-06 18:13:27.303174	/home/user/PycharmProjects/OFET_K2636B/data/TR_TEST_oled_019.txt
2019-09-06 18:13:34.879862	/home/user/PycharmProjects/OFET_K2636B/data/TR_TEST_oled_020.txt
2019-09-06 18:13:43.069420	/home/user/PycharmProjects/OFET_K2636B/data/TR_TEST_oled_021.txt
2019-09-06 18:13:58.428650	/home/user/PycharmProjects/OFET_K2636B/data/TR_TEST_oled_022.txt
2019-09-06 18:14:40.158840	/home/user/PycharmProjects/OFET_K2636B/data/TR_TEST_oled_023.txt
2019-09-06 18:16:38.530826	/home/user/PycharmProjects/OFET_K2636B/data/C6_oled_000.txt
2019-09-06 18:16:54.565346	/home/user/PycharmProjects/OFET_K2636B/data/C6_oled_001.txt
2019-09-06 18:17:38.092706	/home/user/PycharmProjects/OFET_K2636B/data/C6_oled_002.txt
2019-09-06 18:18:14.860859	/home/user/PycharmProjects/OFET_K2636B/data/C6_P4_oled_000.txt
2019-09-06 18:18:29.890797	/home/user/PycharmProjects/OFET_K2636B/data/C6_P4_oled_001.txt
2019-09-06 18:19:13.359668	/home/user/PycharmProjects/OFET_K2636B/data/C6_P4_oled_002.txt
2019-09-06 18:20:03.225253	/home/user/PycharmProjects/OFET_K2636B/data/C6_P5_oled_000.txt
2019-09-06 18:20:31.236562	/home/user/PycharmProjects/OFET_K2636B/data/C6_P5_oled_001.txt
2019-09-06 18:21:09.465663	/home/user/PycharmProjects/OFET_K2636B/data/C6_P6_oled_000.txt
2019-09-06 18:21:51.411666	/home/user/PycharmProjects/OFET_K2636B/data/C6_oled_003.txt
2019-09-06 18:22:18.790648	/home/user/PycharmProjects/OFET_K2636B/data/C6_oled_004.txt
2019-09-06 18:39:24.687479	/home/user/PycharmProjects/OFET_K2636B/data/C6_oled_005.txt
2019-09-06 18:41:54.482131	/home/user/PycharmProjects/OFET_K2636B/data/C6_oled_006.txt
2019-09-06 18:42:42.316556	/home/user/PycharmProjects/OFET_K2636B/data/C6_oled_007.txt
2019-09-06 18:43:19.872947	/home/user/PycharmProjects/OFET_K2636B/data/C6_oled_008.txt
2019-09-06 18:43:56.563892	/home/user/PycharmProjects/OFET_K2636B/data/C6_oled_009.txt
2019-09-06 18:45:27.752212	/home/user/PycharmProjects/OFET_K2636B/data/C6_oled_010.txt
2019-09-06 18:46:07.538064	/home/user/PycharmProjects/OFET_K2636B/data/C6_oled_011.txt
2019-09-06 18:46:19.706065	/home/user/PycharmProjects/OFET_K2636B/data/C6_oled_012.txt
2019-09-06 18:49:01.256393	/home/user/PycharmProjects/OFET_K2636B/data/sy_oled_000.txt
2019-09-06 18:49:28.166099	/home/user/PycharmProjects/OFET_K2636B/data/sy_oled_001.txt
2019-09-06 18:49:58.718717	/home/user/PycharmProjects/OFET_K2636B/data/sy_oled_002.txt
2019-09-06 18:50:03.848201	/home/user/PycharmProjects/OFET_K2636B/data/sy_oled_003.txt
2019-09-06 18:50:13.544376	/home/user/PycharmProjects/OFET_K2636B/data/sy_oled_004.txt
2019-09-06 18:50:20.838793	/home/user/PycharmProjects/OFET_K2636B/data/sy_oled_005.txt
2019-09-06 18:50:26.880497	/home/user/PycharmProjects/OFET_K2636B/data/sy_oled_006.txt
2019-09-06 18:50:40.544705	/home/user/PycharmProjects/OFET_K2636B/data/sy_oled_007.txt
2019-09-06 18:50:47.521085	/home/user/PycharmProjects/OFET_K2636B/data/sy_oled_008.txt
2019-09-06 18:50:54.352389	/home/user/PycharmProjects/OFET_K2636B/data/sy_oled_009.txt
2019-09-06 18:51:16.531265	/home/user/PycharmProjects/OFET_K2636B/data/sy_oled_010.txt
2019-09-06 18:51:28.451248	/home/user/PycharmProjects/OFET_K2636B/data/sy_oled_011.txt
2019-09-06 18:51:40.514595	/home/user/PycharmProjects/OFET_K2636B/data/sy_oled_012.txt
2019-09-06 18:51:57.633650	/home/user/PycharmProjects/OFET_K2636B/data/sy_oled_013.txt
2019-09-06 18:52:24.003477	/home/user/PycharmProjects/OFET_K2636B/data/sy_oled_014.txt
2019-09-06 18:52:47.055418	/home/user/PycharmProjects/OFET_K2636B/data/sy_oled_015.txt
2019-09-06 18:54:07.512069	/home/user/PycharmProjects/OFET_K2636B/data/sy_oled_016.txt
2019-09-06 19:13:14.817617	/home/user/PycharmProjects/OFET_K2636B/data/C10_P1_oled_000.txt
2019-09-06 19:13:33.045777	/home/user/PycharmProjects/OFET_K2636B/data/C10_P1_oled_001.txt
2019-09-06 19:14:11.695187	/home/user/PycharmProjects/OFET_K2636B/data/C10_P1_oled_002.txt
2019-09-06 19:15:10.694091	/home/user/PycharmProjects/OFET_K2636B/data/C10_P2_oled_000.txt
2019-09-06 19:15:34.722285	/home/user/PycharmProjects/OFET_K2636B/data/C10_P2_oled_001.txt
2019-09-06 19:15:56.309529	/home/user/PycharmProjects/OFET_K2636B/data/C10_P2_oled_002.txt
2019-09-06 19:16:16.780067	/home/user/PycharmProjects/OFET_K2636B/data/C10_P2_oled_003.txt
2019-09-06 19:16:55.781755	/home/user/PycharmProjects/OFET_K2636B/data/C10_P3_oled_000.txt
2019-09-06 19:17:17.972417	/home/user/PycharmProjects/OFET_K2636B/data/C10_P3_oled_001.txt
2019-09-06 19:17:41.524509	/home/user/PycharmProjects/OFET_K2636B/data/C10_P3_oled_002.txt
2019-09-06 19:18:20.342295	/home/user/PycharmProjects/OFET_K2636B/data/C10_P4_oled_000.txt
2019-09-06 19:18:43.632138	/home/user/PycharmProjects/OFET_K2636B/data/C10_P4_oled_001.txt
2019-09-06 19:19:06.391614	/home/user/PycharmProjects/OFET_K2636B/data/C10_P4_oled_002.txt
2019-09-06 19:19:32.613948	/home/user/PycharmProjects/OFET_K2636B/data/C10_P5_oled_000.txt
2019-09-06 19:20:01.304999	/home/user/PycharmProjects/OFET_K2636B/data/C10_P5_oled_001.txt
2019-09-06 19:20:21.775162	/home/user/PycharmProjects/OFET_K2636B/data/C10_P5_oled_002.txt
2019-09-06 19:20:48.447581	/home/user/PycharmProjects/OFET_K2636B/data/C10_P6_oled_000.txt
2019-09-06 19:21:10.553190	/home/user/PycharmProjects/OFET_K2636B/data/C10_P6_oled_001.txt
2019-09-06 19:21:35.285772	/home/user/PycharmProjects/OFET_K2636B/data/C10_P6_oled_002.txt
2019-09-06 19:22:05.456039	/home/user/PycharmProjects/OFET_K2636B/data/C10_Pall_oled_000.txt
2019-09-06 19:22:28.874413	/home/user/PycharmProjects/OFET_K2636B/data/C10_Pall_oled_001.txt
2019-09-06 19:23:02.399041	/home/user/PycharmProjects/OFET_K2636B/data/C10_Pexperyment_oled_000.txt
2019-09-06 19:24:06.707394	/home/user/PycharmProjects/OFET_K2636B/data/C10_Pexperyment_oled_000.txt
2019-09-06 19:24:49.826817	/home/user/PycharmProjects/OFET_K2636B/data/C10_Pexperyment_oled_001.txt
2019-09-09 12:30:17.588745	/home/user/PycharmProjects/OFET_K2636B/data/C10_Pexperyment_oled_002.txt
2019-09-09 12:31:50.422381	/home/user/PycharmProjects/OFET_K2636B/data/C10_Pexperyment_oled_003.txt
2019-09-09 12:32:22.201390	/home/user/PycharmProjects/OFET_K2636B/data/C10_Pexperyment_oled_004.txt
2019-09-09 12:33:27.403692	/home/user/PycharmProjects/OFET_K2636B/data/C10_Pexperyment_oled_005.txt
2019-09-09 12:34:11.784779	/home/user/PycharmProjects/OFET_K2636B/data/C10_Pexperyment_oled_006.txt
2019-09-09 12:35:38.864356	/home/user/PycharmProjects/OFET_K2636B/data/C10_Pexperyment_oled_007.txt
2019-09-09 12:36:26.990054	/home/user/PycharmProjects/OFET_K2636B/data/C10_Pexperyment_oled_008.txt
2019-09-10 14:44:01.035524	/home/user/PycharmProjects/OFET_K2636B/data/C10_Pexperyment_oled_009.txt
2019-09-10 14:44:40.111451	/home/user/PycharmProjects/OFET_K2636B/data/C10_Pexperyment_oled_009.txt
2019-09-10 14:46:27.875053	/home/user/PycharmProjects/OFET_K2636B/data/C10_Pexperyment_oled_009.txt
2019-09-10 14:47:41.575769	/home/user/PycharmProjects/OFET_K2636B/data/C10_Pexperyment_oled_010.txt
2019-09-10 14:50:21.644866	/home/user/PycharmProjects/OFET_K2636B/data/C10_Pexperyment_oled_010.txt
2019-09-10 14:50:31.555261	/home/user/PycharmProjects/OFET_K2636B/data/C10_Pexperyment_oled_010.txt
2019-09-10 14:53:04.231983	/home/user/PycharmProjects/OFET_K2636B/data/C10_Pexperyment_oled_011.txt
2019-09-10 14:53:21.152707	/home/user/PycharmProjects/OFET_K2636B/data/C10_Pexperyment_oled_011.txt
2019-09-10 14:54:00.604054	/home/user/PycharmProjects/OFET_K2636B/data/C10_Pexperyment_oled_011.txt
2019-09-10 14:55:03.795760	/home/user/PycharmProjects/OFET_K2636B/data/C10_Pexperyment_oled_011.txt
2019-09-10 15:06:44.047766	/home/user/PycharmProjects/OFET_K2636B/data/C10_Pexperyment_oled_011.txt
2019-09-10 15:11:29.654522	/home/user/PycharmProjects/OFET_K2636B/data/C10_Pexperyment_oled_012.txt
2019-09-10 15:12:49.273845	/home/user/PycharmProjects/OFET_K2636B/data/C10_Pexperyment_oled_012.txt
2019-09-10 15:13:40.954849	/home/user/PycharmProjects/OFET_K2636B/data/C10_Pexperyment_oled_013.txt
2019-09-10 15:16:19.729029	/home/user/PycharmProjects/OFET_K2636B/data/C10_Pexperyment_oled_014.txt
2019-09-10 15:16:55.748000	/home/user/PycharmProjects/OFET_K2636B/data/C10_Pexperyment_oled_015.txt
2019-09-10 15:19:24.345844	/home/user/PycharmProjects/OFET_K2636B/data/C10_Pexperyment_oled_015.txt
2019-09-10 15:20:00.641150	/home/user/PycharmProjects/OFET_K2636B/data/C10_Pexperyment_oled_015.txt
2019-09-10 15:23:09.197849	/home/user/PycharmProjects/OFET_K2636B/data/C10_Pexperyment_oled_016.txt
2019-09-10 15:25:15.867910	/home/user/PycharmProjects/OFET_K2636B/data/C10_Pexperyment_oled_017.txt
2019-09-10 15:28:21.528467	/home/user/PycharmProjects/OFET_K2636B/data/C10_Pexperyment_oled_017.txt
2019-09-10 15:29:10.709687	/home/user/PycharmProjects/OFET_K2636B/data/C10_Pexperyment_oled_018.txt
2019-09-10 15:29:20.880920	/home/user/PycharmProjects/OFET_K2636B/data/C10_Pexperyment_oled_018.txt
2019-09-10 15:30:03.926366	/home/user/PycharmProjects/OFET_K2636B/data/C10_Pexperyment_oled_019.txt
2019-09-10 15:32:33.207507	/home/user/PycharmProjects/OFET_K2636B/data/C10_Pexperyment_oled_020.txt
2019-09-10 15:33:02.098331	/home/user/PycharmProjects/OFET_K2636B/data/C10_Pexperyment_oled_020.txt
2019-09-10 15:33:39.865435	/home/user/PycharmProjects/OFET_K2636B/data/C10_Pexperyment_oled_021.txt
2019-09-10 16:40:12.738024	/home/user/PycharmProjects/OFET_K2636B/data/C10_Pexperyment_oled_022.txt
2019-09-10 16:44:35.845501	/home/user/PycharmProjects/OFET_K2636B/data/C10_Pexperyment_oled_023.txt
2019-09-10 16:45:23.677860	/home/user/PycharmProjects/OFET_K2636B/data/C10_Pexperyment_oled_024.txt
2019-09-10 16:46:36.184457	/home/user/PycharmProjects/OFET_K2636B/data/C10_Pexperyment_oled_025.txt
2019-09-10 16:46:53.168371	/home/user/PycharmProjects/OFET_K2636B/data/C10_Pexperyment_oled_026.txt
2019-09-10 16:47:13.649606	/home/user/PycharmProjects/OFET_K2636B/data/C10_Pexperyment_oled_026.txt
2019-09-10 16:48:05.469242	/home/user/PycharmProjects/OFET_K2636B/data/C10_Pexperyment_oled_027.txt
2019-09-10 17:03:48.555830	/home/user/PycharmProjects/OFET_K2636B/data/C10_Pexperyment_oled_028.txt
2019-09-10 17:04:10.611638	/home/user/PycharmProjects/OFET_K2636B/data/C10_Pexperyment_oled_028.txt
2019-09-10 17:05:55.476734	/home/user/PycharmProjects/OFET_K2636B/data/C10_Pexperyment_oled_029.txt
2019-09-10 18:40:46.175593	/home/user/PycharmProjects/OFET_K2636B/data/C10_Pexperyment_oled_030.txt
2019-09-10 18:43:46.112653	/home/user/PycharmProjects/OFET_K2636B/data/C8_all_oled_000.txt
2019-09-10 18:44:10.492786	/home/user/PycharmProjects/OFET_K2636B/data/C8_all_oled_001.txt
2019-09-10 18:44:47.714551	/home/user/PycharmProjects/OFET_K2636B/data/C8_P1_oled_000.txt
2019-09-10 18:46:02.261879	/home/user/PycharmProjects/OFET_K2636B/data/C8_P1_oled_001.txt
2019-09-10 18:48:21.343641	/home/user/PycharmProjects/OFET_K2636B/data/C8_P1_oled_002.txt
2019-09-10 18:51:16.491196	/home/user/PycharmProjects/OFET_K2636B/data/C2_all_oled_000.txt
2019-09-10 18:52:08.767196	/home/user/PycharmProjects/OFET_K2636B/data/C2_all_oled_001.txt
2019-09-10 18:52:38.122035	/home/user/PycharmProjects/OFET_K2636B/data/C2_all_oled_002.txt
2019-09-10 18:53:03.037091	/home/user/PycharmProjects/OFET_K2636B/data/C2_all_oled_003.txt
2019-09-10 18:53:50.025757	/home/user/PycharmProjects/OFET_K2636B/data/C2_all_oled_003.txt
2019-09-10 18:55:49.584133	/home/user/PycharmProjects/OFET_K2636B/data/C5_all_oled_000.txt
2019-09-10 18:56:49.361897	/home/user/PycharmProjects/OFET_K2636B/data/C5_P6_oled_000.txt
2019-09-10 18:58:39.444084	/home/user/PycharmProjects/OFET_K2636B/data/C5_P6_oled_000.txt
2019-09-10 18:59:41.134427	/home/user/PycharmProjects/OFET_K2636B/data/C5_P6_oled_001.txt
2019-09-10 19:00:40.723264	/home/user/PycharmProjects/OFET_K2636B/data/C5_P6_oled_002.txt
2019-09-11 16:18:17.651081	/home/user/PycharmProjects/OFET_K2636B/data/C1_ALL_oled_000.txt
2019-09-11 16:18:57.049094	/home/user/PycharmProjects/OFET_K2636B/data/C1_ALL_oled_001.txt
2019-09-11 16:22:17.378258	/home/user/PycharmProjects/OFET_K2636B/data/C1_ALL_oled_002.txt
2019-09-11 16:23:14.302339	/home/user/PycharmProjects/OFET_K2636B/data/C1_p4_oled_000.txt
2019-09-11 16:25:20.850871	/home/user/PycharmProjects/OFET_K2636B/data/C1_p5_oled_000.txt
2019-09-11 16:26:15.282496	/home/user/PycharmProjects/OFET_K2636B/data/C1_p5_oled_001.txt
2019-09-11 16:27:17.444872	/home/user/PycharmProjects/OFET_K2636B/data/C1_p6_oled_000.txt
2019-09-11 16:27:56.085013	/home/user/PycharmProjects/OFET_K2636B/data/C1_p6_oled_001.txt
2019-09-11 16:28:47.234853	/home/user/PycharmProjects/OFET_K2636B/data/C1_p6_oled_002.txt
2019-09-11 16:29:38.982725	/home/user/PycharmProjects/OFET_K2636B/data/C1_ALL_oled_003.txt
2019-09-11 16:29:53.079232	/home/user/PycharmProjects/OFET_K2636B/data/C1_ALL_oled_004.txt
2019-09-11 16:30:13.502297	/home/user/PycharmProjects/OFET_K2636B/data/C1_ALL_oled_005.txt
2019-09-11 16:35:34.589090	/home/user/PycharmProjects/OFET_K2636B/data/C3_ALL_oled_000.txt
2019-09-11 16:36:44.077406	/home/user/PycharmProjects/OFET_K2636B/data/C3_ALL_oled_001.txt
2019-09-11 16:37:31.976033	/home/user/PycharmProjects/OFET_K2636B/data/C3_ALL_oled_002.txt
2019-09-11 16:37:48.286083	/home/user/PycharmProjects/OFET_K2636B/data/C3_ALL_oled_003.txt
2019-09-12 12:36:10.526009	/home/user/PycharmProjects/OFET_K2636B/data/C3_ALL_oled_004.txt
2019-09-12 12:36:24.626299	/home/user/PycharmProjects/OFET_K2636B/data/C3_ALL_oled_004.txt
2019-09-12 12:36:32.985336	/home/user/PycharmProjects/OFET_K2636B/data/C3_ALL_oled_004.txt
2019-09-12 12:37:36.295990	/home/user/PycharmProjects/OFET_K2636B/data/C3_ALL_oled_005.txt
2019-09-12 12:38:03.887283	/home/user/PycharmProjects/OFET_K2636B/data/C3_ALL_oled_006.txt
2019-09-12 12:38:34.024611	/home/user/PycharmProjects/OFET_K2636B/data/C3_ALL_oled_007.txt
2019-09-12 13:05:00.768195	/home/user/PycharmProjects/OFET_K2636B/data/C3_ALL_oled_007.txt
2019-09-12 13:05:56.415426	/home/user/PycharmProjects/OFET_K2636B/data/C3_ALL_oled_007.txt
2019-09-12 13:06:06.290751	/home/user/PycharmProjects/OFET_K2636B/data/C3_ALL_oled_007.txt
2019-09-12 13:06:08.547143	/home/user/PycharmProjects/OFET_K2636B/data/C3_ALL_oled_007.txt
2019-09-12 13:08:22.490664	/home/user/PycharmProjects/OFET_K2636B/data/C3_ALL_oled_007.txt
2019-09-12 14:04:46.113685	/home/user/PycharmProjects/OFET_K2636B/data/C6_P1_oled_000.txt
2019-09-12 14:06:11.293285	/home/user/PycharmProjects/OFET_K2636B/data/C6_P1_oled_001.txt
2019-09-12 14:07:25.147124	/home/user/PycharmProjects/OFET_K2636B/data/C6_P1_oled_002.txt
2019-09-12 14:08:34.572881	/home/user/PycharmProjects/OFET_K2636B/data/C6_P1bis_oled_000.txt
2019-09-12 14:09:45.374104	/home/user/PycharmProjects/OFET_K2636B/data/C6_P1bis_oled_000.txt
2019-09-12 14:10:49.624829	/home/user/PycharmProjects/OFET_K2636B/data/C6_P1bis_oled_001.txt
2019-09-12 14:12:18.227343	/home/user/PycharmProjects/OFET_K2636B/data/C6_P2_oled_000.txt
2019-09-12 14:13:28.073244	/home/user/PycharmProjects/OFET_K2636B/data/C6_P2_oled_001.txt
2019-09-12 14:14:32.507271	/home/user/PycharmProjects/OFET_K2636B/data/C6_P2_oled_002.txt
2019-09-12 14:15:47.766427	/home/user/PycharmProjects/OFET_K2636B/data/C6_P3_oled_000.txt
2019-09-12 14:17:03.104442	/home/user/PycharmProjects/OFET_K2636B/data/C6_P4_oled_000.txt
2019-09-12 14:18:55.728529	/home/user/PycharmProjects/OFET_K2636B/data/C6_P4_oled_000.txt
2019-09-12 14:19:58.356265	/home/user/PycharmProjects/OFET_K2636B/data/C6_P4_oled_000.txt
2019-09-12 14:21:11.952835	/home/user/PycharmProjects/OFET_K2636B/data/C6_P4_oled_000.txt
2019-09-12 14:22:52.909465	/home/user/PycharmProjects/OFET_K2636B/data/C6_P5_oled_000.txt
2019-09-12 14:24:21.861320	/home/user/PycharmProjects/OFET_K2636B/data/C6_P5_oled_000.txt
2019-09-12 14:25:24.880201	/home/user/PycharmProjects/OFET_K2636B/data/C6_P5_oled_001.txt
2019-09-12 14:26:37.080230	/home/user/PycharmProjects/OFET_K2636B/data/C6_P6_oled_000.txt
2019-09-12 14:27:44.013038	/home/user/PycharmProjects/OFET_K2636B/data/C6_P6_oled_001.txt
2019-09-12 14:28:49.105955	/home/user/PycharmProjects/OFET_K2636B/data/C6_P6_oled_002.txt
2019-09-12 14:30:05.580993	/home/user/PycharmProjects/OFET_K2636B/data/C6_P6_oled_003.txt
2019-09-12 14:31:56.458076	/home/user/PycharmProjects/OFET_K2636B/data/C6_P6_oled_004.txt
2019-09-12 14:45:08.238786	/home/user/PycharmProjects/OFET_K2636B/data/C6_P6_oled_005.txt
2019-09-12 14:46:19.734387	/home/user/PycharmProjects/OFET_K2636B/data/C6_P6_oled_006.txt
2019-09-12 14:58:57.588670	/home/user/PycharmProjects/OFET_K2636B/data/C6_P6_oled_007.txt
2019-09-12 15:00:48.916339	/home/user/PycharmProjects/OFET_K2636B/data/C6_P_all_oled_000.txt
2019-09-12 15:04:59.008110	/home/user/PycharmProjects/OFET_K2636B/data/C7_P1_oled_000.txt
2019-09-12 15:05:45.788233	/home/user/PycharmProjects/OFET_K2636B/data/C7_P1_oled_001.txt
2019-09-12 15:06:40.865432	/home/user/PycharmProjects/OFET_K2636B/data/C7_P1_oled_001.txt
2019-09-12 15:07:29.169305	/home/user/PycharmProjects/OFET_K2636B/data/C7_P2_oled_000.txt
2019-09-12 15:07:58.867052	/home/user/PycharmProjects/OFET_K2636B/data/C7_P2_oled_001.txt
2019-09-12 15:08:45.702986	/home/user/PycharmProjects/OFET_K2636B/data/C7_P3_oled_000.txt
2019-09-12 15:09:13.784628	/home/user/PycharmProjects/OFET_K2636B/data/C7_P3_oled_001.txt
2019-09-12 15:09:41.383561	/home/user/PycharmProjects/OFET_K2636B/data/C7_P3_oled_001.txt
2019-09-12 15:10:14.890117	/home/user/PycharmProjects/OFET_K2636B/data/C7_P4_oled_000.txt
2019-09-12 15:10:46.739174	/home/user/PycharmProjects/OFET_K2636B/data/C7_P4_oled_001.txt
2019-09-12 15:11:16.102725	/home/user/PycharmProjects/OFET_K2636B/data/C7_P4_oled_002.txt
2019-09-12 15:11:43.762073	/home/user/PycharmProjects/OFET_K2636B/data/C7_P4_oled_003.txt
2019-09-12 15:12:30.646911	/home/user/PycharmProjects/OFET_K2636B/data/C7_P5_oled_000.txt
2019-09-12 15:13:23.199882	/home/user/PycharmProjects/OFET_K2636B/data/C7_P6_oled_000.txt
2019-09-12 15:13:56.847393	/home/user/PycharmProjects/OFET_K2636B/data/C7_P6_oled_001.txt
2019-09-12 15:15:05.101625	/home/user/PycharmProjects/OFET_K2636B/data/C7_Pall_oled_000.txt
2019-09-12 18:10:28.966027	/home/user/PycharmProjects/OFET_K2636B/data/TR_TEST_oled_000.txt
2019-09-12 18:12:55.999646	/home/user/PycharmProjects/OFET_K2636B/data/TR_TEST_oled_001.txt
2019-09-12 18:14:44.502453	/home/user/PycharmProjects/OFET_K2636B/data/TR_TEST_oled_002.txt
2019-09-12 18:15:40.852040	/home/user/PycharmProjects/OFET_K2636B/data/TR_TEST_oled_003.txt
2019-09-12 18:22:52.323808	/home/user/PycharmProjects/OFET_K2636B/data/TR_TEST_oled_004.txt
2019-09-12 18:30:49.159831	/home/user/PycharmProjects/OFET_K2636B/data/TR_TEST_oled_005.txt
2019-09-12 18:34:59.534016	/home/user/PycharmProjects/OFET_K2636B/data/D5_p1_oled_000.txt
2019-09-12 18:35:26.241306	/home/user/PycharmProjects/OFET_K2636B/data/D5_p1_oled_001.txt
2019-09-12 18:35:52.023643	/home/user/PycharmProjects/OFET_K2636B/data/D5_p1_oled_002.txt
2019-09-12 18:36:41.149383	/home/user/PycharmProjects/OFET_K2636B/data/D5_p2_oled_000.txt
2019-09-12 18:37:12.294547	/home/user/PycharmProjects/OFET_K2636B/data/D5_p2_oled_001.txt
2019-09-12 18:37:56.976870	/home/user/PycharmProjects/OFET_K2636B/data/D5_p3_oled_000.txt
2019-09-12 18:38:24.054050	/home/user/PycharmProjects/OFET_K2636B/data/D5_p3_oled_001.txt
2019-09-12 18:39:15.449057	/home/user/PycharmProjects/OFET_K2636B/data/D5_p4_oled_000.txt
2019-09-12 18:39:51.545046	/home/user/PycharmProjects/OFET_K2636B/data/D5_p5_oled_000.txt
2019-09-12 18:40:23.212688	/home/user/PycharmProjects/OFET_K2636B/data/D5_p5_oled_001.txt
2019-09-12 18:41:02.736978	/home/user/PycharmProjects/OFET_K2636B/data/D5_p6_oled_000.txt
2019-09-12 18:42:17.183118	/home/user/PycharmProjects/OFET_K2636B/data/D5_pall_oled_000.txt
2019-09-12 18:43:00.592859	/home/user/PycharmProjects/OFET_K2636B/data/D5_p123_oled_000.txt
2019-09-12 18:43:33.324842	/home/user/PycharmProjects/OFET_K2636B/data/D5_p123_oled_001.txt
2019-09-13 16:41:26.945973	/home/user/PycharmProjects/OFET_K2636B/data/TR_TEST_oled_006.txt
2019-09-13 16:41:46.406966	/home/user/PycharmProjects/OFET_K2636B/data/TR_TEST_oled_007.txt
2019-09-13 16:42:53.449094	/home/user/PycharmProjects/OFET_K2636B/data/TR_TEST_oled_008.txt
2019-09-13 16:43:13.388279	/home/user/PycharmProjects/OFET_K2636B/data/TR_TEST_oled_008.txt
2019-09-13 16:43:33.431770	/home/user/PycharmProjects/OFET_K2636B/data/TR_TEST_oled_009.txt
2019-09-13 16:45:35.078753	/home/user/PycharmProjects/OFET_K2636B/data/TR_TEST_oled_010.txt
2019-09-13 14:52:05.483590	/home/user/PycharmProjects/OFET_K2636B/data/TR_TEST_oled_011.txt
2019-09-13 14:55:09.820170	/home/user/PycharmProjects/OFET_K2636B/data/TR_TEST_oled_012.txt
2019-09-13 14:55:54.619669	/home/user/PycharmProjects/OFET_K2636B/data/TR_TEST_oled_013.txt
2019-09-13 14:58:03.521400	/home/user/PycharmProjects/OFET_K2636B/data/TR_TEST_oled_014.txt
2019-09-13 14:58:47.083847	/home/user/PycharmProjects/OFET_K2636B/data/TR_TEST_oled_014.txt
2019-09-13 14:59:51.125057	/home/user/PycharmProjects/OFET_K2636B/data/TR_TEST_oled_014.txt
2019-09-16 12:03:16.612353	/home/user/PycharmProjects/OFET_K2636B/data/TR_TEST_oled_015.txt
2019-09-16 12:03:24.362595	/home/user/PycharmProjects/OFET_K2636B/data/TR_TEST_oled_015.txt
2019-09-16 12:06:03.452294	/home/user/PycharmProjects/OFET_K2636B/data/TR_TEST_oled_016.txt
2019-09-16 12:08:45.977672	/home/user/PycharmProjects/OFET_K2636B/data/TR_TEST_oled_017.txt
2019-09-16 12:09:34.423335	/home/user/PycharmProjects/OFET_K2636B/data/TR_TEST_oled_018.txt
2019-09-16 12:09:57.299429	/home/user/PycharmProjects/OFET_K2636B/data/TR_TEST_oled_018.txt
2019-09-16 12:11:24.687407	/home/user/PycharmProjects/OFET_K2636B/data/TR_TEST_oled_019.txt
2019-09-16 12:31:04.276168	/home/user/PycharmProjects/OFET_K2636B/data/TR_TEST_oled_020.txt
2019-09-16 12:31:14.279077	/home/user/PycharmProjects/OFET_K2636B/data/TR_TEST_oled_021.txt
2019-09-16 12:32:06.805949	/home/user/PycharmProjects/OFET_K2636B/data/TR_TEST_oled_022.txt
2019-09-16 12:32:23.777468	/home/user/PycharmProjects/OFET_K2636B/data/TR_TEST_oled_023.txt
2019-09-16 12:33:48.680957	/home/user/PycharmProjects/OFET_K2636B/data/TR_TEST_oled_023.txt
2019-09-16 12:34:05.790498	/home/user/PycharmProjects/OFET_K2636B/data/TR_TEST_oled_023.txt
2019-09-16 12:34:23.342810	/home/user/PycharmProjects/OFET_K2636B/data/TR_TEST_oled_024.txt
2019-09-16 12:36:29.667611	/home/user/PycharmProjects/OFET_K2636B/data/TR_TEST_oled_025.txt
2019-09-16 12:37:11.740842	/home/user/PycharmProjects/OFET_K2636B/data/TR_TEST_oled_025.txt
2019-09-16 12:37:47.241039	/home/user/PycharmProjects/OFET_K2636B/data/TR_TEST_oled_025.txt
2019-09-16 12:38:25.147929	/home/user/PycharmProjects/OFET_K2636B/data/TR_TEST_oled_025.txt
2019-09-16 12:39:57.519386	/home/user/PycharmProjects/OFET_K2636B/data/TR_TEST_oled_026.txt
2019-09-16 12:42:40.038637	/home/user/PycharmProjects/OFET_K2636B/data/TR_TEST_oled_027.txt
2019-09-16 12:43:03.228720	/home/user/PycharmProjects/OFET_K2636B/data/TR_TEST_oled_028.txt
2019-09-16 12:44:34.067471	/home/user/PycharmProjects/OFET_K2636B/data/TR_TEST_oled_029.txt
2019-09-16 12:46:02.003265	/home/user/PycharmProjects/OFET_K2636B/data/TR_TEST_oled_030.txt
2019-09-16 12:50:15.395086	/home/user/PycharmProjects/OFET_K2636B/data/TR_TEST_oled_031.txt
2019-09-16 12:50:40.280928	/home/user/PycharmProjects/OFET_K2636B/data/TR_TEST_oled_032.txt
2019-09-16 12:51:16.667415	/home/user/PycharmProjects/OFET_K2636B/data/TR_TEST_oled_033.txt
2019-09-16 12:51:36.311476	/home/user/PycharmProjects/OFET_K2636B/data/TR_TEST_oled_034.txt
2019-09-16 12:58:08.251121	/home/user/PycharmProjects/OFET_K2636B/data/TR_TEST_oled_035.txt
2019-09-16 12:58:52.192235	/home/user/PycharmProjects/OFET_K2636B/data/TR_TEST_oled_036.txt
2019-09-16 12:59:22.263709	/home/user/PycharmProjects/OFET_K2636B/data/TR_TEST_oled_037.txt
2019-09-16 12:59:41.511375	/home/user/PycharmProjects/OFET_K2636B/data/TR_TEST_oled_038.txt
2019-09-16 13:02:04.257146	/home/user/PycharmProjects/OFET_K2636B/data/TR_TEST_oled_039.txt
2019-09-16 13:02:34.016767	/home/user/PycharmProjects/OFET_K2636B/data/TR_TEST_oled_040.txt
2019-09-16 13:03:28.967583	/home/user/PycharmProjects/OFET_K2636B/data/TR_TEST_oled_041.txt
2019-09-16 13:10:14.961865	/home/user/PycharmProjects/OFET_K2636B/data/TR_TEST_oled_042.txt
2019-09-16 13:10:55.588631	/home/user/PycharmProjects/OFET_K2636B/data/TR_TEST_oled_042.txt
2019-09-16 13:11:20.954414	/home/user/PycharmProjects/OFET_K2636B/data/TR_TEST_oled_043.txt
2019-09-16 13:12:11.715470	/home/user/PycharmProjects/OFET_K2636B/data/TR_TEST_oled_044.txt
2019-09-16 13:12:36.093071	/home/user/PycharmProjects/OFET_K2636B/data/TR_TEST_oled_045.txt
2019-09-16 13:14:43.040664	/home/user/PycharmProjects/OFET_K2636B/data/TR_TEST_oled_046.txt
2019-09-16 13:16:05.157270	/home/user/PycharmProjects/OFET_K2636B/data/TR_TEST_oled_047.txt
2019-09-16 13:17:38.969806	/home/user/PycharmProjects/OFET_K2636B/data/TR_TEST_oled_048.txt
2019-09-16 13:25:44.891703	/home/user/PycharmProjects/OFET_K2636B/data/TR_TEST_oled_049.txt
2019-09-16 13:27:09.922015	/home/user/PycharmProjects/OFET_K2636B/data/TR_TEST_oled_050.txt
2019-09-16 13:28:19.790385	/home/user/PycharmProjects/OFET_K2636B/data/TR_TEST_oled_051.txt
2019-09-16 13:29:02.431561	/home/user/PycharmProjects/OFET_K2636B/data/TR_TEST_oled_052.txt
2019-09-16 13:30:02.222774	/home/user/PycharmProjects/OFET_K2636B/data/TR_TEST_oled_053.txt
2019-09-16 13:32:20.818478	/home/user/PycharmProjects/OFET_K2636B/data/TR_TEST_oled_054.txt
2019-09-16 16:34:33.231363	/home/user/PycharmProjects/OFET_K2636B/data/TR_TEST_oled_055.txt
2019-09-16 16:35:40.355598	/home/user/PycharmProjects/OFET_K2636B/data/D4_P1_oled_000.txt
2019-09-16 16:36:16.339729	/home/user/PycharmProjects/OFET_K2636B/data/D4_P1_oled_001.txt
2019-09-16 17:27:31.526788	/home/user/PycharmProjects/OFET_K2636B/data/TR_TEST_oled_056.txt
2019-09-16 17:28:09.549851	/home/user/PycharmProjects/OFET_K2636B/data/TR_TEST_oled_057.txt
2019-09-16 19:06:06.426474	/home/user/PycharmProjects/OFET_K2636B/data/TR_TEST_oled_058.txt
2019-09-17 09:37:42.985388	/home/user/PycharmProjects/OFET_K2636B/data/TR_TEST_oled_059.txt
2019-09-17 09:58:56.967324	/home/user/PycharmProjects/OFET_K2636B/data/D4_P1_oled_002.txt
2019-09-17 12:12:20.816926	/home/user/PycharmProjects/OFET_K2636B/data/D4_P1_oled_003.txt
2019-09-17 12:15:40.305129	/home/user/PycharmProjects/OFET_K2636B/data/P1_27_oled_000.txt
2019-09-17 12:16:11.267733	/home/user/PycharmProjects/OFET_K2636B/data/P1_27_oled_001.txt
2019-09-17 12:17:08.564749	/home/user/PycharmProjects/OFET_K2636B/data/P1_34_oled_000.txt
2019-09-17 12:17:55.111967	/home/user/PycharmProjects/OFET_K2636B/data/P1_34_oled_001.txt
2019-09-17 12:18:55.852453	/home/user/PycharmProjects/OFET_K2636B/data/P1_35_oled_000.txt
2019-09-17 12:20:01.719015	/home/user/PycharmProjects/OFET_K2636B/data/P1_35_oled_001.txt
2019-09-17 12:21:14.741255	/home/user/PycharmProjects/OFET_K2636B/data/P1_E6_oled_000.txt
2019-09-17 12:22:16.650235	/home/user/PycharmProjects/OFET_K2636B/data/P1_31_oled_000.txt
2019-09-17 12:22:48.509856	/home/user/PycharmProjects/OFET_K2636B/data/P1_31_oled_001.txt
2019-09-17 12:23:57.324482	/home/user/PycharmProjects/OFET_K2636B/data/P1_E10_oled_000.txt
2019-09-17 12:25:32.389359	/home/user/PycharmProjects/OFET_K2636B/data/P1_E9_oled_000.txt
2019-09-17 12:26:09.400476	/home/user/PycharmProjects/OFET_K2636B/data/P1_E9_oled_001.txt
2019-09-17 12:27:19.342065	/home/user/PycharmProjects/OFET_K2636B/data/P1_D4_oled_000.txt
2019-09-17 12:28:15.988558	/home/user/PycharmProjects/OFET_K2636B/data/P1_E4_oled_000.txt
2019-09-17 12:29:48.310366	/home/user/PycharmProjects/OFET_K2636B/data/P1_D10_oled_000.txt
2019-09-17 12:31:00.459861	/home/user/PycharmProjects/OFET_K2636B/data/P1_E3_oled_000.txt
2019-09-17 12:31:48.796739	/home/user/PycharmProjects/OFET_K2636B/data/P1_D3_oled_000.txt
2019-09-17 12:32:46.782501	/home/user/PycharmProjects/OFET_K2636B/data/P1_E2_oled_000.txt
2019-09-17 12:33:50.133365	/home/user/PycharmProjects/OFET_K2636B/data/P1_XC8_oled_000.txt
2019-09-17 12:35:13.398733	/home/user/PycharmProjects/OFET_K2636B/data/P1_XC7_oled_000.txt
2019-09-17 12:36:18.160411	/home/user/PycharmProjects/OFET_K2636B/data/P1_XC6_oled_000.txt
2019-09-17 12:37:30.665923	/home/user/PycharmProjects/OFET_K2636B/data/P1_22_oled_000.txt
2019-09-17 12:38:25.514308	/home/user/PycharmProjects/OFET_K2636B/data/P1_25_oled_000.txt
2019-09-17 12:39:34.930945	/home/user/PycharmProjects/OFET_K2636B/data/P1_39_oled_000.txt
2019-09-17 12:40:36.423482	/home/user/PycharmProjects/OFET_K2636B/data/P1_XC3_oled_000.txt
2019-09-17 12:41:39.996554	/home/user/PycharmProjects/OFET_K2636B/data/P1_38_oled_000.txt
2019-09-17 12:42:46.956020	/home/user/PycharmProjects/OFET_K2636B/data/P1_21_oled_000.txt
2019-09-17 12:43:34.088127	/home/user/PycharmProjects/OFET_K2636B/data/P1_XC4_oled_000.txt
2019-09-17 12:44:26.380423	/home/user/PycharmProjects/OFET_K2636B/data/P1_XC2_oled_000.txt
